WARNING: A terminally deprecated method in sun.misc.Unsafe has been called
WARNING: sun.misc.Unsafe::staticFieldBase has been called by com.google.inject.internal.aop.HiddenClassDefiner (file:/usr/share/java/maven/lib/guice-5.1.0-classes.jar)
WARNING: Please consider reporting this to the maintainers of class com.google.inject.internal.aop.HiddenClassDefiner
WARNING: sun.misc.Unsafe::staticFieldBase will be removed in a future release
[INFO] Scanning for projects...
[INFO] 
[INFO] ------------------------< tech.chhsich:backend >------------------------
[INFO] Building backend 0.0.1-SNAPSHOT
[INFO]   from pom.xml
[INFO] --------------------------------[ jar ]---------------------------------
[INFO] 
[INFO] >>> spring-boot:3.5.5:run (default-cli) > test-compile @ backend >>>
[INFO] 
[INFO] --- resources:3.3.1:resources (default-resources) @ backend ---
[INFO] Copying 1 resource from src/main/resources to target/classes
[INFO] Copying 3 resources from src/main/resources to target/classes
[INFO] 
[INFO] --- compiler:3.14.0:compile (default-compile) @ backend ---
[INFO] Nothing to compile - all classes are up to date.
[INFO] 
[INFO] --- resources:3.3.1:testResources (default-testResources) @ backend ---
[INFO] skip non existing resourceDirectory /home/chhsich/Git/Mine/order-management-system/backend/src/test/resources
[INFO] 
[INFO] --- compiler:3.14.0:testCompile (default-testCompile) @ backend ---
[INFO] Nothing to compile - all classes are up to date.
[INFO] 
[INFO] <<< spring-boot:3.5.5:run (default-cli) < test-compile @ backend <<<
[INFO] 
[INFO] 
[INFO] --- spring-boot:3.5.5:run (default-cli) @ backend ---
[INFO] Attaching agents: []

  .   ____          _            __ _ _
 /\\ / ___'_ __ _ _(_)_ __  __ _ \ \ \ \
( ( )\___ | '_ | '_| | '_ \/ _` | \ \ \ \
 \\/  ___)| |_)| | | | | || (_| |  ) ) ) )
  '  |____| .__|_| |_|_| |_\__, | / / / /
 =========|_|==============|___/=/_/_/_/

 :: Spring Boot ::                (v3.5.5)

2025-09-18 00:34:37.110 [restartedMain] INFO  tech.chhsich.backend.BackendApplication - Starting BackendApplication using Java 24.0.2 with PID 164272 (/home/chhsich/Git/Mine/order-management-system/backend/target/classes started by chhsich in /home/chhsich/Git/Mine/order-management-system/backend)
2025-09-18 00:34:37.110 [restartedMain] DEBUG tech.chhsich.backend.BackendApplication - Running with Spring Boot v3.5.5, Spring v6.2.10
2025-09-18 00:34:37.110 [restartedMain] INFO  tech.chhsich.backend.BackendApplication - No active profile set, falling back to 1 default profile: "default"
2025-09-18 00:34:37.129 [restartedMain] INFO  o.s.b.d.env.DevToolsPropertyDefaultsPostProcessor - Devtools property defaults active! Set 'spring.devtools.add-properties' to 'false' to disable
2025-09-18 00:34:37.130 [restartedMain] INFO  o.s.b.d.env.DevToolsPropertyDefaultsPostProcessor - For additional web related logging consider setting the 'logging.level.web' property to 'DEBUG'
2025-09-18 00:34:37.480 [restartedMain] INFO  o.s.d.r.config.RepositoryConfigurationDelegate - Multiple Spring Data modules found, entering strict repository configuration mode
2025-09-18 00:34:37.482 [restartedMain] INFO  o.s.d.r.config.RepositoryConfigurationDelegate - Bootstrapping Spring Data Redis repositories in DEFAULT mode.
2025-09-18 00:34:37.498 [restartedMain] INFO  o.s.d.r.config.RepositoryConfigurationDelegate - Finished Spring Data repository scanning in 9 ms. Found 0 Redis repository interfaces.
2025-09-18 00:34:37.549 [restartedMain] DEBUG org.mybatis.spring.mapper.ClassPathMapperScanner - Identified candidate component class: file [/home/chhsich/Git/Mine/order-management-system/backend/target/classes/tech/chhsich/backend/mapper/AdminMapper.class]
2025-09-18 00:34:37.549 [restartedMain] DEBUG org.mybatis.spring.mapper.ClassPathMapperScanner - Identified candidate component class: file [/home/chhsich/Git/Mine/order-management-system/backend/target/classes/tech/chhsich/backend/mapper/LtypeMapper.class]
2025-09-18 00:34:37.549 [restartedMain] DEBUG org.mybatis.spring.mapper.ClassPathMapperScanner - Identified candidate component class: file [/home/chhsich/Git/Mine/order-management-system/backend/target/classes/tech/chhsich/backend/mapper/MenuMapper.class]
2025-09-18 00:34:37.549 [restartedMain] DEBUG org.mybatis.spring.mapper.ClassPathMapperScanner - Identified candidate component class: file [/home/chhsich/Git/Mine/order-management-system/backend/target/classes/tech/chhsich/backend/mapper/OrderEntryMapper.class]
2025-09-18 00:34:37.549 [restartedMain] DEBUG org.mybatis.spring.mapper.ClassPathMapperScanner - Identified candidate component class: file [/home/chhsich/Git/Mine/order-management-system/backend/target/classes/tech/chhsich/backend/mapper/OrderInfoMapper.class]
2025-09-18 00:34:37.549 [restartedMain] DEBUG org.mybatis.spring.mapper.ClassPathMapperScanner - Identified candidate component class: file [/home/chhsich/Git/Mine/order-management-system/backend/target/classes/tech/chhsich/backend/mapper/ShoppingCartMapper.class]
2025-09-18 00:34:37.550 [restartedMain] DEBUG org.mybatis.spring.mapper.ClassPathMapperScanner - Creating MapperFactoryBean with name 'adminMapper' and 'tech.chhsich.backend.mapper.AdminMapper' mapperInterface
2025-09-18 00:34:37.551 [restartedMain] DEBUG org.mybatis.spring.mapper.ClassPathMapperScanner - Creating MapperFactoryBean with name 'ltypeMapper' and 'tech.chhsich.backend.mapper.LtypeMapper' mapperInterface
2025-09-18 00:34:37.551 [restartedMain] DEBUG org.mybatis.spring.mapper.ClassPathMapperScanner - Creating MapperFactoryBean with name 'menuMapper' and 'tech.chhsich.backend.mapper.MenuMapper' mapperInterface
2025-09-18 00:34:37.551 [restartedMain] DEBUG org.mybatis.spring.mapper.ClassPathMapperScanner - Creating MapperFactoryBean with name 'orderEntryMapper' and 'tech.chhsich.backend.mapper.OrderEntryMapper' mapperInterface
2025-09-18 00:34:37.551 [restartedMain] DEBUG org.mybatis.spring.mapper.ClassPathMapperScanner - Creating MapperFactoryBean with name 'orderInfoMapper' and 'tech.chhsich.backend.mapper.OrderInfoMapper' mapperInterface
2025-09-18 00:34:37.551 [restartedMain] DEBUG org.mybatis.spring.mapper.ClassPathMapperScanner - Creating MapperFactoryBean with name 'shoppingCartMapper' and 'tech.chhsich.backend.mapper.ShoppingCartMapper' mapperInterface
2025-09-18 00:34:37.768 [restartedMain] INFO  o.s.boot.web.embedded.tomcat.TomcatWebServer - Tomcat initialized with port 8080 (http)
2025-09-18 00:34:37.775 [restartedMain] INFO  org.apache.catalina.core.StandardService - Starting service [Tomcat]
2025-09-18 00:34:37.775 [restartedMain] INFO  org.apache.catalina.core.StandardEngine - Starting Servlet engine: [Apache Tomcat/10.1.44]
2025-09-18 00:34:37.789 [restartedMain] INFO  o.a.c.c.C.[Tomcat].[localhost].[/WebOrderSystem] - Initializing Spring embedded WebApplicationContext
2025-09-18 00:34:37.789 [restartedMain] INFO  o.s.b.w.s.c.ServletWebServerApplicationContext - Root WebApplicationContext: initialization completed in 659 ms
2025-09-18 00:34:37.918 [restartedMain] ERROR c.baomidou.mybatisplus.core.MybatisConfiguration - mapper[tech.chhsich.backend.mapper.MenuMapper.findByCategoryIdAndProductLock] is ignored, because it exists, maybe from xml file
2025-09-18 00:34:37.919 [restartedMain] ERROR c.baomidou.mybatisplus.core.MybatisConfiguration - mapper[tech.chhsich.backend.mapper.MenuMapper.findByNewStuijianAndProductLock] is ignored, because it exists, maybe from xml file
2025-09-18 00:34:37.919 [restartedMain] ERROR c.baomidou.mybatisplus.core.MybatisConfiguration - mapper[tech.chhsich.backend.mapper.MenuMapper.findByProductLock] is ignored, because it exists, maybe from xml file
2025-09-18 00:34:37.920 [restartedMain] ERROR c.baomidou.mybatisplus.core.MybatisConfiguration - mapper[tech.chhsich.backend.mapper.MenuMapper.updateSales] is ignored, because it exists, maybe from xml file
2025-09-18 00:34:37.920 [restartedMain] ERROR c.baomidou.mybatisplus.core.MybatisConfiguration - mapper[tech.chhsich.backend.mapper.MenuMapper.findByCategoryId] is ignored, because it exists, maybe from xml file
 _ _   |_  _ _|_. ___ _ |    _ 
| | |\/|_)(_| | |_\  |_)||_|_\ 
     /               |         
                        3.5.14 
2025-09-18 00:34:38.220 [restartedMain] INFO  o.s.s.c.a.a.c.InitializeUserDetailsBeanManagerConfigurer$InitializeUserDetailsManagerConfigurer - Global AuthenticationManager configured with UserDetailsService bean with name userDetailsService
2025-09-18 00:34:38.258 [restartedMain] DEBUG o.s.security.web.DefaultSecurityFilterChain - Will secure any request with filters: DisableEncodeUrlFilter, WebAsyncManagerIntegrationFilter, SecurityContextHolderFilter, HeaderWriterFilter, CsrfFilter, LogoutFilter, BasicAuthenticationFilter, RequestCacheAwareFilter, SecurityContextHolderAwareRequestFilter, AnonymousAuthenticationFilter, SessionManagementFilter, ExceptionTranslationFilter, AuthorizationFilter
2025-09-18 00:34:38.306 [restartedMain] INFO  c.b.m.e.spring.MybatisPlusApplicationContextAware - Register ApplicationContext instances org.springframework.boot.web.servlet.context.AnnotationConfigServletWebServerApplicationContext@65862c23
WARNING: A terminally deprecated method in sun.misc.Unsafe has been called
WARNING: sun.misc.Unsafe::allocateMemory has been called by io.netty.util.internal.PlatformDependent0$2 (file:/home/chhsich/.m2/repository/io/netty/netty-common/4.1.124.Final/netty-common-4.1.124.Final.jar)
WARNING: Please consider reporting this to the maintainers of class io.netty.util.internal.PlatformDependent0$2
WARNING: sun.misc.Unsafe::allocateMemory will be removed in a future release
2025-09-18 00:34:38.505 [restartedMain] WARN  o.s.b.d.autoconfigure.OptionalLiveReloadServer - Unable to start LiveReload server
2025-09-18 00:34:38.515 [restartedMain] WARN  o.s.b.w.s.c.AnnotationConfigServletWebServerApplicationContext - Exception encountered during context initialization - cancelling refresh attempt: org.springframework.context.ApplicationContextException: Failed to start bean 'webServerStartStop'
2025-09-18 00:34:38.527 [restartedMain] INFO  o.s.b.a.logging.ConditionEvaluationReportLogger - 

Error starting ApplicationContext. To display the condition evaluation report re-run your application with 'debug' enabled.
2025-09-18 00:34:38.536 [restartedMain] ERROR o.s.b.diagnostics.LoggingFailureAnalysisReporter - 

***************************
APPLICATION FAILED TO START
***************************

Description:

Web server failed to start. Port 8080 was already in use.

Action:

Identify and stop the process that's listening on port 8080 or configure this application to listen on another port.

[INFO] ------------------------------------------------------------------------
[INFO] BUILD FAILURE
[INFO] ------------------------------------------------------------------------
[INFO] Total time:  3.274 s
[INFO] Finished at: 2025-09-18T00:34:39+08:00
[INFO] ------------------------------------------------------------------------
[ERROR] Failed to execute goal org.springframework.boot:spring-boot-maven-plugin:3.5.5:run (default-cli) on project backend: Process terminated with exit code: 1 -> [Help 1]
[ERROR] 
[ERROR] To see the full stack trace of the errors, re-run Maven with the -e switch.
[ERROR] Re-run Maven using the -X switch to enable full debug logging.
[ERROR] 
[ERROR] For more information about the errors and possible solutions, please read the following articles:
[ERROR] [Help 1] http://cwiki.apache.org/confluence/display/MAVEN/MojoExecutionException
