WARNING: A terminally deprecated method in sun.misc.Unsafe has been called
WARNING: sun.misc.Unsafe::staticFieldBase has been called by com.google.inject.internal.aop.HiddenClassDefiner (file:/usr/share/java/maven/lib/guice-5.1.0-classes.jar)
WARNING: Please consider reporting this to the maintainers of class com.google.inject.internal.aop.HiddenClassDefiner
WARNING: sun.misc.Unsafe::staticFieldBase will be removed in a future release
[INFO] Scanning for projects...
[INFO] 
[INFO] ------------------------< tech.chhsich:backend >------------------------
[INFO] Building backend 0.0.1-SNAPSHOT
[INFO]   from pom.xml
[INFO] --------------------------------[ jar ]---------------------------------
[INFO] 
[INFO] >>> spring-boot:3.5.5:run (default-cli) > test-compile @ backend >>>
[INFO] 
[INFO] --- resources:3.3.1:resources (default-resources) @ backend ---
[INFO] Copying 1 resource from src/main/resources to target/classes
[INFO] Copying 4 resources from src/main/resources to target/classes
[INFO] 
[INFO] --- compiler:3.14.0:compile (default-compile) @ backend ---
[INFO] Nothing to compile - all classes are up to date.
[INFO] 
[INFO] --- resources:3.3.1:testResources (default-testResources) @ backend ---
[INFO] Copying 0 resource from src/test/resources to target/test-classes
[INFO] 
[INFO] --- compiler:3.14.0:testCompile (default-testCompile) @ backend ---
[INFO] Nothing to compile - all classes are up to date.
[INFO] 
[INFO] <<< spring-boot:3.5.5:run (default-cli) < test-compile @ backend <<<
[INFO] 
[INFO] 
[INFO] --- spring-boot:3.5.5:run (default-cli) @ backend ---
[INFO] Attaching agents: []

  .   ____          _            __ _ _
 /\\ / ___'_ __ _ _(_)_ __  __ _ \ \ \ \
( ( )\___ | '_ | '_| | '_ \/ _` | \ \ \ \
 \\/  ___)| |_)| | | | | || (_| |  ) ) ) )
  '  |____| .__|_| |_|_| |_\__, | / / / /
 =========|_|==============|___/=/_/_/_/

 :: Spring Boot ::                (v3.5.5)

2025-09-20 04:28:38.964 [restartedMain] INFO  tech.chhsich.backend.BackendApplication - Starting BackendApplication using Java 25.0.1 with PID 2555472 (/home/chhsich/Git/Mine/order-management-system/backend/target/classes started by chhsich in /home/chhsich/Git/Mine/order-management-system/backend)
2025-09-20 04:28:38.965 [restartedMain] DEBUG tech.chhsich.backend.BackendApplication - Running with Spring Boot v3.5.5, Spring v6.2.10
2025-09-20 04:28:38.965 [restartedMain] INFO  tech.chhsich.backend.BackendApplication - No active profile set, falling back to 1 default profile: "default"
2025-09-20 04:28:38.985 [restartedMain] INFO  o.s.b.d.env.DevToolsPropertyDefaultsPostProcessor - Devtools property defaults active! Set 'spring.devtools.add-properties' to 'false' to disable
2025-09-20 04:28:38.985 [restartedMain] INFO  o.s.b.d.env.DevToolsPropertyDefaultsPostProcessor - For additional web related logging consider setting the 'logging.level.web' property to 'DEBUG'
2025-09-20 04:28:39.387 [restartedMain] INFO  o.s.d.r.config.RepositoryConfigurationDelegate - Multiple Spring Data modules found, entering strict repository configuration mode
2025-09-20 04:28:39.388 [restartedMain] INFO  o.s.d.r.config.RepositoryConfigurationDelegate - Bootstrapping Spring Data Redis repositories in DEFAULT mode.
2025-09-20 04:28:39.400 [restartedMain] INFO  o.s.d.r.config.RepositoryConfigurationDelegate - Finished Spring Data repository scanning in 4 ms. Found 0 Redis repository interfaces.
2025-09-20 04:28:39.452 [restartedMain] DEBUG org.mybatis.spring.mapper.ClassPathMapperScanner - Identified candidate component class: file [/home/chhsich/Git/Mine/order-management-system/backend/target/classes/tech/chhsich/backend/mapper/AdminMapper.class]
2025-09-20 04:28:39.452 [restartedMain] DEBUG org.mybatis.spring.mapper.ClassPathMapperScanner - Identified candidate component class: file [/home/chhsich/Git/Mine/order-management-system/backend/target/classes/tech/chhsich/backend/mapper/LtypeMapper.class]
2025-09-20 04:28:39.452 [restartedMain] DEBUG org.mybatis.spring.mapper.ClassPathMapperScanner - Identified candidate component class: file [/home/chhsich/Git/Mine/order-management-system/backend/target/classes/tech/chhsich/backend/mapper/MenuMapper.class]
2025-09-20 04:28:39.452 [restartedMain] DEBUG org.mybatis.spring.mapper.ClassPathMapperScanner - Identified candidate component class: file [/home/chhsich/Git/Mine/order-management-system/backend/target/classes/tech/chhsich/backend/mapper/OrderEntryMapper.class]
2025-09-20 04:28:39.452 [restartedMain] DEBUG org.mybatis.spring.mapper.ClassPathMapperScanner - Identified candidate component class: file [/home/chhsich/Git/Mine/order-management-system/backend/target/classes/tech/chhsich/backend/mapper/OrderHistoryMapper.class]
2025-09-20 04:28:39.452 [restartedMain] DEBUG org.mybatis.spring.mapper.ClassPathMapperScanner - Identified candidate component class: file [/home/chhsich/Git/Mine/order-management-system/backend/target/classes/tech/chhsich/backend/mapper/OrderInfoMapper.class]
2025-09-20 04:28:39.452 [restartedMain] DEBUG org.mybatis.spring.mapper.ClassPathMapperScanner - Identified candidate component class: file [/home/chhsich/Git/Mine/order-management-system/backend/target/classes/tech/chhsich/backend/mapper/ShoppingCartMapper.class]
2025-09-20 04:28:39.453 [restartedMain] DEBUG org.mybatis.spring.mapper.ClassPathMapperScanner - Creating MapperFactoryBean with name 'adminMapper' and 'tech.chhsich.backend.mapper.AdminMapper' mapperInterface
2025-09-20 04:28:39.454 [restartedMain] DEBUG org.mybatis.spring.mapper.ClassPathMapperScanner - Creating MapperFactoryBean with name 'ltypeMapper' and 'tech.chhsich.backend.mapper.LtypeMapper' mapperInterface
2025-09-20 04:28:39.454 [restartedMain] DEBUG org.mybatis.spring.mapper.ClassPathMapperScanner - Creating MapperFactoryBean with name 'menuMapper' and 'tech.chhsich.backend.mapper.MenuMapper' mapperInterface
2025-09-20 04:28:39.454 [restartedMain] DEBUG org.mybatis.spring.mapper.ClassPathMapperScanner - Creating MapperFactoryBean with name 'orderEntryMapper' and 'tech.chhsich.backend.mapper.OrderEntryMapper' mapperInterface
2025-09-20 04:28:39.454 [restartedMain] DEBUG org.mybatis.spring.mapper.ClassPathMapperScanner - Creating MapperFactoryBean with name 'orderHistoryMapper' and 'tech.chhsich.backend.mapper.OrderHistoryMapper' mapperInterface
2025-09-20 04:28:39.454 [restartedMain] DEBUG org.mybatis.spring.mapper.ClassPathMapperScanner - Creating MapperFactoryBean with name 'orderInfoMapper' and 'tech.chhsich.backend.mapper.OrderInfoMapper' mapperInterface
2025-09-20 04:28:39.455 [restartedMain] DEBUG org.mybatis.spring.mapper.ClassPathMapperScanner - Creating MapperFactoryBean with name 'shoppingCartMapper' and 'tech.chhsich.backend.mapper.ShoppingCartMapper' mapperInterface
2025-09-20 04:28:39.842 [restartedMain] INFO  o.s.boot.web.embedded.tomcat.TomcatWebServer - Tomcat initialized with port 8080 (http)
2025-09-20 04:28:39.850 [restartedMain] INFO  org.apache.catalina.core.StandardService - Starting service [Tomcat]
2025-09-20 04:28:39.851 [restartedMain] INFO  org.apache.catalina.core.StandardEngine - Starting Servlet engine: [Apache Tomcat/10.1.44]
2025-09-20 04:28:39.871 [restartedMain] INFO  o.a.c.c.C.[Tomcat].[localhost].[/WebOrderSystem] - Initializing Spring embedded WebApplicationContext
2025-09-20 04:28:39.872 [restartedMain] INFO  o.s.b.w.s.c.ServletWebServerApplicationContext - Root WebApplicationContext: initialization completed in 887 ms
2025-09-20 04:28:39.915 [restartedMain] DEBUG t.chhsich.backend.config.JwtAuthenticationFilter - Filter 'jwtAuthenticationFilter' configured for use
2025-09-20 04:28:40.077 [restartedMain] ERROR c.baomidou.mybatisplus.core.MybatisConfiguration - mapper[tech.chhsich.backend.mapper.MenuMapper.findByCategoryIdAndProductLock] is ignored, because it exists, maybe from xml file
2025-09-20 04:28:40.077 [restartedMain] ERROR c.baomidou.mybatisplus.core.MybatisConfiguration - mapper[tech.chhsich.backend.mapper.MenuMapper.findByCategoryId] is ignored, because it exists, maybe from xml file
2025-09-20 04:28:40.077 [restartedMain] ERROR c.baomidou.mybatisplus.core.MybatisConfiguration - mapper[tech.chhsich.backend.mapper.MenuMapper.findByNewStuijianAndProductLock] is ignored, because it exists, maybe from xml file
2025-09-20 04:28:40.077 [restartedMain] ERROR c.baomidou.mybatisplus.core.MybatisConfiguration - mapper[tech.chhsich.backend.mapper.MenuMapper.findByProductLock] is ignored, because it exists, maybe from xml file
2025-09-20 04:28:40.078 [restartedMain] ERROR c.baomidou.mybatisplus.core.MybatisConfiguration - mapper[tech.chhsich.backend.mapper.MenuMapper.updateSales] is ignored, because it exists, maybe from xml file
 _ _   |_  _ _|_. ___ _ |    _ 
| | |\/|_)(_| | |_\  |_)||_|_\ 
     /               |         
                        3.5.14 
2025-09-20 04:28:40.549 [restartedMain] INFO  o.s.s.c.a.a.c.InitializeAuthenticationProviderBeanManagerConfigurer$InitializeAuthenticationProviderManagerConfigurer - Global AuthenticationManager configured with AuthenticationProvider bean with name authenticationProvider
2025-09-20 04:28:40.550 [restartedMain] WARN  o.s.s.c.a.a.c.InitializeUserDetailsBeanManagerConfigurer$InitializeUserDetailsManagerConfigurer - Global AuthenticationManager configured with an AuthenticationProvider bean. UserDetailsService beans will not be used by Spring Security for automatically configuring username/password login. Consider removing the AuthenticationProvider bean. Alternatively, consider using the UserDetailsService in a manually instantiated DaoAuthenticationProvider. If the current configuration is intentional, to turn off this warning, increase the logging level of 'org.springframework.security.config.annotation.authentication.configuration.InitializeUserDetailsBeanManagerConfigurer' to ERROR
2025-09-20 04:28:40.614 [restartedMain] DEBUG o.s.security.web.DefaultSecurityFilterChain - Will secure any request with filters: DisableEncodeUrlFilter, WebAsyncManagerIntegrationFilter, SecurityContextHolderFilter, HeaderWriterFilter, CorsFilter, CsrfFilter, LogoutFilter, JwtAuthenticationFilter, RequestCacheAwareFilter, SecurityContextHolderAwareRequestFilter, AnonymousAuthenticationFilter, SessionManagementFilter, ExceptionTranslationFilter, AuthorizationFilter
2025-09-20 04:28:40.711 [restartedMain] INFO  c.b.m.e.spring.MybatisPlusApplicationContextAware - Register ApplicationContext instances org.springframework.boot.web.servlet.context.AnnotationConfigServletWebServerApplicationContext@53cbd200
WARNING: A terminally deprecated method in sun.misc.Unsafe has been called
WARNING: sun.misc.Unsafe::allocateMemory has been called by io.netty.util.internal.PlatformDependent0$2 (file:/home/chhsich/.m2/repository/io/netty/netty-common/4.1.124.Final/netty-common-4.1.124.Final.jar)
WARNING: Please consider reporting this to the maintainers of class io.netty.util.internal.PlatformDependent0$2
WARNING: sun.misc.Unsafe::allocateMemory will be removed in a future release
2025-09-20 04:28:41.067 [restartedMain] INFO  o.s.b.d.autoconfigure.OptionalLiveReloadServer - LiveReload server is running on port 35729
2025-09-20 04:28:41.088 [restartedMain] INFO  o.s.boot.web.embedded.tomcat.TomcatWebServer - Tomcat started on port 8080 (http) with context path '/WebOrderSystem'
2025-09-20 04:28:41.094 [restartedMain] INFO  tech.chhsich.backend.BackendApplication - Started BackendApplication in 2.355 seconds (process running for 2.519)
2025-09-20 04:28:50.157 [http-nio-8080-exec-1] INFO  o.a.c.c.C.[Tomcat].[localhost].[/WebOrderSystem] - Initializing Spring DispatcherServlet 'dispatcherServlet'
2025-09-20 04:28:50.157 [http-nio-8080-exec-1] INFO  org.springframework.web.servlet.DispatcherServlet - Initializing Servlet 'dispatcherServlet'
2025-09-20 04:28:50.157 [http-nio-8080-exec-1] INFO  org.springframework.web.servlet.DispatcherServlet - Completed initialization in 0 ms
2025-09-20 04:28:50.164 [http-nio-8080-exec-1] DEBUG org.springframework.security.web.FilterChainProxy - Securing GET /actuator/health
2025-09-20 04:28:50.167 [http-nio-8080-exec-1] DEBUG o.s.s.w.a.AnonymousAuthenticationFilter - Set SecurityContextHolder to anonymous SecurityContext
2025-09-20 04:28:50.169 [http-nio-8080-exec-1] DEBUG o.s.s.w.authentication.Http403ForbiddenEntryPoint - Pre-authenticated entry point called. Rejecting access
2025-09-20 04:28:50.174 [http-nio-8080-exec-1] DEBUG org.springframework.security.web.FilterChainProxy - Securing GET /error
2025-09-20 04:28:50.175 [http-nio-8080-exec-1] DEBUG o.s.s.w.a.AnonymousAuthenticationFilter - Set SecurityContextHolder to anonymous SecurityContext
2025-09-20 04:28:50.175 [http-nio-8080-exec-1] DEBUG o.s.s.w.authentication.Http403ForbiddenEntryPoint - Pre-authenticated entry point called. Rejecting access
2025-09-20 04:28:54.813 [http-nio-8080-exec-2] DEBUG org.springframework.security.web.FilterChainProxy - Securing GET /api/user/me
2025-09-20 04:28:54.813 [http-nio-8080-exec-2] DEBUG o.s.s.w.a.AnonymousAuthenticationFilter - Set SecurityContextHolder to anonymous SecurityContext
2025-09-20 04:28:54.814 [http-nio-8080-exec-2] DEBUG o.s.s.w.authentication.Http403ForbiddenEntryPoint - Pre-authenticated entry point called. Rejecting access
2025-09-20 04:28:54.815 [http-nio-8080-exec-2] DEBUG org.springframework.security.web.FilterChainProxy - Securing GET /error
2025-09-20 04:28:54.815 [http-nio-8080-exec-2] DEBUG o.s.s.w.a.AnonymousAuthenticationFilter - Set SecurityContextHolder to anonymous SecurityContext
2025-09-20 04:28:54.815 [http-nio-8080-exec-2] DEBUG o.s.s.w.authentication.Http403ForbiddenEntryPoint - Pre-authenticated entry point called. Rejecting access
2025-09-20 04:29:02.533 [http-nio-8080-exec-4] DEBUG org.springframework.security.web.FilterChainProxy - Securing GET /api/categories
2025-09-20 04:29:02.533 [http-nio-8080-exec-3] DEBUG org.springframework.security.web.FilterChainProxy - Securing GET /api/menu/recommended
2025-09-20 04:29:02.545 [http-nio-8080-exec-3] DEBUG o.s.s.w.a.AnonymousAuthenticationFilter - Set SecurityContextHolder to anonymous SecurityContext
2025-09-20 04:29:02.545 [http-nio-8080-exec-4] DEBUG o.s.s.w.a.AnonymousAuthenticationFilter - Set SecurityContextHolder to anonymous SecurityContext
2025-09-20 04:29:02.546 [http-nio-8080-exec-3] DEBUG org.springframework.security.web.FilterChainProxy - Secured GET /api/menu/recommended
2025-09-20 04:29:02.546 [http-nio-8080-exec-4] DEBUG org.springframework.security.web.FilterChainProxy - Secured GET /api/categories
2025-09-20 04:29:02.555 [http-nio-8080-exec-4] INFO  tech.chhsich.backend.aspect.LoggingAspect - API请求开始 - 用户: anonymousUser, 角色: [ROLE_ANONYMOUS], URI: /WebOrderSystem/api/categories, 方法: GET, IP: 0:0:0:0:0:0:0:1, 控制器: CategoryController, 方法名: getAllCategories, 参数: 无参数
2025-09-20 04:29:02.555 [http-nio-8080-exec-3] INFO  tech.chhsich.backend.aspect.LoggingAspect - API请求开始 - 用户: anonymousUser, 角色: [ROLE_ANONYMOUS], URI: /WebOrderSystem/api/menu/recommended, 方法: GET, IP: 0:0:0:0:0:0:0:1, 控制器: FrontendMenuController, 方法名: getRecommendedMenus, 参数: 无参数
2025-09-20 04:29:02.559 [http-nio-8080-exec-4] DEBUG org.mybatis.spring.SqlSessionUtils - Creating a new SqlSession
2025-09-20 04:29:02.564 [http-nio-8080-exec-4] DEBUG org.mybatis.spring.SqlSessionUtils - SqlSession [org.apache.ibatis.session.defaults.DefaultSqlSession@28d3286a] was not registered for synchronization because synchronization is not active
2025-09-20 04:29:02.566 [http-nio-8080-exec-3] DEBUG org.mybatis.spring.SqlSessionUtils - Creating a new SqlSession
2025-09-20 04:29:02.566 [http-nio-8080-exec-3] DEBUG org.mybatis.spring.SqlSessionUtils - SqlSession [org.apache.ibatis.session.defaults.DefaultSqlSession@7bc799e] was not registered for synchronization because synchronization is not active
2025-09-20 04:29:02.568 [http-nio-8080-exec-4] INFO  com.zaxxer.hikari.HikariDataSource - WebOrderHikariCP - Starting...
2025-09-20 04:29:02.643 [http-nio-8080-exec-4] INFO  com.zaxxer.hikari.pool.HikariPool - WebOrderHikariCP - Added connection com.mysql.cj.jdbc.ConnectionImpl@77e4b60
2025-09-20 04:29:02.644 [http-nio-8080-exec-4] INFO  com.zaxxer.hikari.HikariDataSource - WebOrderHikariCP - Start completed.
2025-09-20 04:29:02.646 [http-nio-8080-exec-4] DEBUG o.m.spring.transaction.SpringManagedTransaction - JDBC Connection [HikariProxyConnection@1393784550 wrapping com.mysql.cj.jdbc.ConnectionImpl@77e4b60] will not be managed by Spring
2025-09-20 04:29:02.648 [http-nio-8080-exec-3] DEBUG o.m.spring.transaction.SpringManagedTransaction - JDBC Connection [HikariProxyConnection@1314889908 wrapping com.mysql.cj.jdbc.ConnectionImpl@886699d] will not be managed by Spring
2025-09-20 04:29:02.649 [http-nio-8080-exec-4] DEBUG t.c.backend.mapper.LtypeMapper.findByCatelock - ==>  Preparing: SELECT * FROM ltypes WHERE catelock = ?
2025-09-20 04:29:02.649 [http-nio-8080-exec-3] DEBUG t.c.b.m.MenuMapper.findByNewStuijianAndProductLock - ==>  Preparing: SELECT * FROM menu WHERE newstuijian = ? AND productlock = ?
2025-09-20 04:29:02.661 [http-nio-8080-exec-4] DEBUG t.c.backend.mapper.LtypeMapper.findByCatelock - ==> Parameters: 0(Integer)
2025-09-20 04:29:02.661 [http-nio-8080-exec-3] DEBUG t.c.b.m.MenuMapper.findByNewStuijianAndProductLock - ==> Parameters: 1(Integer), 0(Integer)
2025-09-20 04:29:02.675 [http-nio-8080-exec-3] DEBUG t.c.b.m.MenuMapper.findByNewStuijianAndProductLock - <==      Total: 7
2025-09-20 04:29:02.675 [http-nio-8080-exec-4] DEBUG t.c.backend.mapper.LtypeMapper.findByCatelock - <==      Total: 11
2025-09-20 04:29:02.677 [http-nio-8080-exec-4] DEBUG org.mybatis.spring.SqlSessionUtils - Closing non transactional SqlSession [org.apache.ibatis.session.defaults.DefaultSqlSession@28d3286a]
2025-09-20 04:29:02.677 [http-nio-8080-exec-3] DEBUG org.mybatis.spring.SqlSessionUtils - Closing non transactional SqlSession [org.apache.ibatis.session.defaults.DefaultSqlSession@7bc799e]
2025-09-20 04:29:02.677 [http-nio-8080-exec-3] INFO  tech.chhsich.backend.aspect.LoggingAspect - API请求成功 - 用户: anonymousUser, 角色: [ROLE_ANONYMOUS], URI: /WebOrderSystem/api/menu/recommended, 方法: GET, IP: 0:0:0:0:0:0:0:1, 控制器: FrontendMenuController, 方法名: getRecommendedMenus, 执行时间: 123ms
2025-09-20 04:29:02.678 [http-nio-8080-exec-4] INFO  tech.chhsich.backend.aspect.LoggingAspect - API请求成功 - 用户: anonymousUser, 角色: [ROLE_ANONYMOUS], URI: /WebOrderSystem/api/categories, 方法: GET, IP: 0:0:0:0:0:0:0:1, 控制器: CategoryController, 方法名: getAllCategories, 执行时间: 124ms
2025-09-20 04:30:05.289 [http-nio-8080-exec-6] DEBUG org.springframework.security.web.FilterChainProxy - Securing GET /api/menu
2025-09-20 04:30:05.289 [http-nio-8080-exec-6] DEBUG o.s.s.w.a.AnonymousAuthenticationFilter - Set SecurityContextHolder to anonymous SecurityContext
2025-09-20 04:30:05.289 [http-nio-8080-exec-6] DEBUG org.springframework.security.web.FilterChainProxy - Secured GET /api/menu
2025-09-20 04:30:05.290 [http-nio-8080-exec-6] INFO  tech.chhsich.backend.aspect.LoggingAspect - API请求开始 - 用户: anonymousUser, 角色: [ROLE_ANONYMOUS], URI: /WebOrderSystem/api/menu, 方法: GET, IP: 0:0:0:0:0:0:0:1, 控制器: FrontendMenuController, 方法名: getAllAvailableMenus, 参数: 无参数
2025-09-20 04:30:05.290 [http-nio-8080-exec-6] DEBUG org.mybatis.spring.SqlSessionUtils - Creating a new SqlSession
2025-09-20 04:30:05.290 [http-nio-8080-exec-6] DEBUG org.mybatis.spring.SqlSessionUtils - SqlSession [org.apache.ibatis.session.defaults.DefaultSqlSession@3c8a3fb0] was not registered for synchronization because synchronization is not active
2025-09-20 04:30:05.291 [http-nio-8080-exec-6] DEBUG o.m.spring.transaction.SpringManagedTransaction - JDBC Connection [HikariProxyConnection@951430393 wrapping com.mysql.cj.jdbc.ConnectionImpl@77e4b60] will not be managed by Spring
2025-09-20 04:30:05.291 [http-nio-8080-exec-6] DEBUG t.c.backend.mapper.MenuMapper.findByProductLock - ==>  Preparing: SELECT * FROM menu WHERE productlock = ?
2025-09-20 04:30:05.291 [http-nio-8080-exec-6] DEBUG t.c.backend.mapper.MenuMapper.findByProductLock - ==> Parameters: 0(Integer)
2025-09-20 04:30:05.294 [http-nio-8080-exec-6] DEBUG t.c.backend.mapper.MenuMapper.findByProductLock - <==      Total: 14
2025-09-20 04:30:05.295 [http-nio-8080-exec-6] DEBUG org.mybatis.spring.SqlSessionUtils - Closing non transactional SqlSession [org.apache.ibatis.session.defaults.DefaultSqlSession@3c8a3fb0]
2025-09-20 04:30:05.295 [http-nio-8080-exec-6] INFO  tech.chhsich.backend.aspect.LoggingAspect - API请求成功 - 用户: anonymousUser, 角色: [ROLE_ANONYMOUS], URI: /WebOrderSystem/api/menu, 方法: GET, IP: 0:0:0:0:0:0:0:1, 控制器: FrontendMenuController, 方法名: getAllAvailableMenus, 执行时间: 5ms
2025-09-20 04:30:24.525 [http-nio-8080-exec-8] DEBUG org.springframework.security.web.FilterChainProxy - Securing GET /api/cart?username=newuser123
2025-09-20 04:30:24.546 [http-nio-8080-exec-8] DEBUG org.springframework.security.web.FilterChainProxy - Secured GET /api/cart?username=newuser123
2025-09-20 04:30:24.552 [http-nio-8080-exec-8] INFO  tech.chhsich.backend.aspect.LoggingAspect - API请求开始 - 用户: newuser123, 角色: [ROLE_USER], URI: /WebOrderSystem/api/cart, 方法: GET, IP: 127.0.0.1, 控制器: ShoppingCartController, 方法名: getUserCart, 参数: [newuser123]
2025-09-20 04:30:24.554 [http-nio-8080-exec-8] DEBUG org.mybatis.spring.SqlSessionUtils - Creating a new SqlSession
2025-09-20 04:30:24.554 [http-nio-8080-exec-8] DEBUG org.mybatis.spring.SqlSessionUtils - SqlSession [org.apache.ibatis.session.defaults.DefaultSqlSession@54e1ece] was not registered for synchronization because synchronization is not active
2025-09-20 04:30:24.555 [http-nio-8080-exec-8] DEBUG o.m.spring.transaction.SpringManagedTransaction - JDBC Connection [HikariProxyConnection@614696316 wrapping com.mysql.cj.jdbc.ConnectionImpl@77e4b60] will not be managed by Spring
2025-09-20 04:30:24.555 [http-nio-8080-exec-8] DEBUG t.c.b.mapper.ShoppingCartMapper.findByUsername - ==>  Preparing: SELECT * FROM shopping_cart WHERE username = ?
2025-09-20 04:30:24.556 [http-nio-8080-exec-8] DEBUG t.c.b.mapper.ShoppingCartMapper.findByUsername - ==> Parameters: newuser123(String)
2025-09-20 04:30:24.560 [http-nio-8080-exec-8] DEBUG t.c.b.mapper.ShoppingCartMapper.findByUsername - <==      Total: 3
2025-09-20 04:30:24.560 [http-nio-8080-exec-8] DEBUG org.mybatis.spring.SqlSessionUtils - Closing non transactional SqlSession [org.apache.ibatis.session.defaults.DefaultSqlSession@54e1ece]
2025-09-20 04:30:24.560 [http-nio-8080-exec-8] INFO  tech.chhsich.backend.aspect.LoggingAspect - API请求成功 - 用户: newuser123, 角色: [ROLE_USER], URI: /WebOrderSystem/api/cart, 方法: GET, IP: 127.0.0.1, 控制器: ShoppingCartController, 方法名: getUserCart, 执行时间: 8ms
2025-09-20 04:30:24.601 [http-nio-8080-exec-1] DEBUG org.springframework.security.web.FilterChainProxy - Securing GET /api/user/me
2025-09-20 04:30:24.603 [http-nio-8080-exec-1] DEBUG org.springframework.security.web.FilterChainProxy - Secured GET /api/user/me
2025-09-20 04:30:24.603 [http-nio-8080-exec-1] INFO  tech.chhsich.backend.aspect.LoggingAspect - API请求开始 - 用户: newuser123, 角色: [ROLE_USER], URI: /WebOrderSystem/api/user/me, 方法: GET, IP: 127.0.0.1, 控制器: UserController, 方法名: getCurrentUserInfo, 参数: 无参数
2025-09-20 04:30:24.604 [http-nio-8080-exec-1] DEBUG org.mybatis.spring.SqlSessionUtils - Creating a new SqlSession
2025-09-20 04:30:24.604 [http-nio-8080-exec-1] DEBUG org.mybatis.spring.SqlSessionUtils - SqlSession [org.apache.ibatis.session.defaults.DefaultSqlSession@1c091b20] was not registered for synchronization because synchronization is not active
2025-09-20 04:30:24.604 [http-nio-8080-exec-1] DEBUG o.m.spring.transaction.SpringManagedTransaction - JDBC Connection [HikariProxyConnection@886776288 wrapping com.mysql.cj.jdbc.ConnectionImpl@77e4b60] will not be managed by Spring
2025-09-20 04:30:24.604 [http-nio-8080-exec-1] DEBUG t.c.backend.mapper.AdminMapper.findByUsername - ==>  Preparing: SELECT * FROM administrators WHERE username = ?
2025-09-20 04:30:24.604 [http-nio-8080-exec-1] DEBUG t.c.backend.mapper.AdminMapper.findByUsername - ==> Parameters: newuser123(String)
2025-09-20 04:30:24.605 [http-nio-8080-exec-1] DEBUG t.c.backend.mapper.AdminMapper.findByUsername - <==      Total: 1
2025-09-20 04:30:24.605 [http-nio-8080-exec-1] DEBUG org.mybatis.spring.SqlSessionUtils - Closing non transactional SqlSession [org.apache.ibatis.session.defaults.DefaultSqlSession@1c091b20]
2025-09-20 04:30:24.605 [http-nio-8080-exec-1] INFO  tech.chhsich.backend.aspect.LoggingAspect - API请求成功 - 用户: newuser123, 角色: [ROLE_USER], URI: /WebOrderSystem/api/user/me, 方法: GET, IP: 127.0.0.1, 控制器: UserController, 方法名: getCurrentUserInfo, 执行时间: 2ms
2025-09-20 04:30:25.207 [http-nio-8080-exec-2] DEBUG org.springframework.security.web.FilterChainProxy - Securing GET /api/cart?username=newuser123
2025-09-20 04:30:25.209 [http-nio-8080-exec-2] DEBUG org.springframework.security.web.FilterChainProxy - Secured GET /api/cart?username=newuser123
2025-09-20 04:30:25.209 [http-nio-8080-exec-2] INFO  tech.chhsich.backend.aspect.LoggingAspect - API请求开始 - 用户: newuser123, 角色: [ROLE_USER], URI: /WebOrderSystem/api/cart, 方法: GET, IP: 127.0.0.1, 控制器: ShoppingCartController, 方法名: getUserCart, 参数: [newuser123]
2025-09-20 04:30:25.210 [http-nio-8080-exec-2] DEBUG org.mybatis.spring.SqlSessionUtils - Creating a new SqlSession
2025-09-20 04:30:25.210 [http-nio-8080-exec-2] DEBUG org.mybatis.spring.SqlSessionUtils - SqlSession [org.apache.ibatis.session.defaults.DefaultSqlSession@58f5e2c8] was not registered for synchronization because synchronization is not active
2025-09-20 04:30:25.210 [http-nio-8080-exec-2] DEBUG o.m.spring.transaction.SpringManagedTransaction - JDBC Connection [HikariProxyConnection@1556774158 wrapping com.mysql.cj.jdbc.ConnectionImpl@77e4b60] will not be managed by Spring
2025-09-20 04:30:25.210 [http-nio-8080-exec-2] DEBUG t.c.b.mapper.ShoppingCartMapper.findByUsername - ==>  Preparing: SELECT * FROM shopping_cart WHERE username = ?
2025-09-20 04:30:25.210 [http-nio-8080-exec-2] DEBUG t.c.b.mapper.ShoppingCartMapper.findByUsername - ==> Parameters: newuser123(String)
2025-09-20 04:30:25.212 [http-nio-8080-exec-2] DEBUG t.c.b.mapper.ShoppingCartMapper.findByUsername - <==      Total: 3
2025-09-20 04:30:25.212 [http-nio-8080-exec-2] DEBUG org.mybatis.spring.SqlSessionUtils - Closing non transactional SqlSession [org.apache.ibatis.session.defaults.DefaultSqlSession@58f5e2c8]
2025-09-20 04:30:25.212 [http-nio-8080-exec-2] INFO  tech.chhsich.backend.aspect.LoggingAspect - API请求成功 - 用户: newuser123, 角色: [ROLE_USER], URI: /WebOrderSystem/api/cart, 方法: GET, IP: 127.0.0.1, 控制器: ShoppingCartController, 方法名: getUserCart, 执行时间: 3ms
2025-09-20 04:30:25.260 [http-nio-8080-exec-5] DEBUG org.springframework.security.web.FilterChainProxy - Securing GET /api/user/me
2025-09-20 04:30:25.262 [http-nio-8080-exec-5] DEBUG org.springframework.security.web.FilterChainProxy - Secured GET /api/user/me
2025-09-20 04:30:25.262 [http-nio-8080-exec-5] INFO  tech.chhsich.backend.aspect.LoggingAspect - API请求开始 - 用户: newuser123, 角色: [ROLE_USER], URI: /WebOrderSystem/api/user/me, 方法: GET, IP: 127.0.0.1, 控制器: UserController, 方法名: getCurrentUserInfo, 参数: 无参数
2025-09-20 04:30:25.262 [http-nio-8080-exec-5] DEBUG org.mybatis.spring.SqlSessionUtils - Creating a new SqlSession
2025-09-20 04:30:25.262 [http-nio-8080-exec-5] DEBUG org.mybatis.spring.SqlSessionUtils - SqlSession [org.apache.ibatis.session.defaults.DefaultSqlSession@6c1f457b] was not registered for synchronization because synchronization is not active
2025-09-20 04:30:25.262 [http-nio-8080-exec-5] DEBUG o.m.spring.transaction.SpringManagedTransaction - JDBC Connection [HikariProxyConnection@1658365576 wrapping com.mysql.cj.jdbc.ConnectionImpl@77e4b60] will not be managed by Spring
2025-09-20 04:30:25.262 [http-nio-8080-exec-5] DEBUG t.c.backend.mapper.AdminMapper.findByUsername - ==>  Preparing: SELECT * FROM administrators WHERE username = ?
2025-09-20 04:30:25.263 [http-nio-8080-exec-5] DEBUG t.c.backend.mapper.AdminMapper.findByUsername - ==> Parameters: newuser123(String)
2025-09-20 04:30:25.263 [http-nio-8080-exec-5] DEBUG t.c.backend.mapper.AdminMapper.findByUsername - <==      Total: 1
2025-09-20 04:30:25.264 [http-nio-8080-exec-5] DEBUG org.mybatis.spring.SqlSessionUtils - Closing non transactional SqlSession [org.apache.ibatis.session.defaults.DefaultSqlSession@6c1f457b]
2025-09-20 04:30:25.264 [http-nio-8080-exec-5] INFO  tech.chhsich.backend.aspect.LoggingAspect - API请求成功 - 用户: newuser123, 角色: [ROLE_USER], URI: /WebOrderSystem/api/user/me, 方法: GET, IP: 127.0.0.1, 控制器: UserController, 方法名: getCurrentUserInfo, 执行时间: 2ms
2025-09-20 04:30:27.693 [http-nio-8080-exec-4] DEBUG org.springframework.security.web.FilterChainProxy - Securing GET /api/categories
2025-09-20 04:30:27.693 [http-nio-8080-exec-3] DEBUG org.springframework.security.web.FilterChainProxy - Securing GET /api/menu
2025-09-20 04:30:27.694 [http-nio-8080-exec-4] DEBUG org.springframework.security.web.FilterChainProxy - Secured GET /api/categories
2025-09-20 04:30:27.694 [http-nio-8080-exec-3] DEBUG org.springframework.security.web.FilterChainProxy - Secured GET /api/menu
2025-09-20 04:30:27.694 [http-nio-8080-exec-4] INFO  tech.chhsich.backend.aspect.LoggingAspect - API请求开始 - 用户: newuser123, 角色: [ROLE_USER], URI: /WebOrderSystem/api/categories, 方法: GET, IP: 127.0.0.1, 控制器: CategoryController, 方法名: getAllCategories, 参数: 无参数
2025-09-20 04:30:27.694 [http-nio-8080-exec-3] INFO  tech.chhsich.backend.aspect.LoggingAspect - API请求开始 - 用户: newuser123, 角色: [ROLE_USER], URI: /WebOrderSystem/api/menu, 方法: GET, IP: 127.0.0.1, 控制器: FrontendMenuController, 方法名: getAllAvailableMenus, 参数: 无参数
2025-09-20 04:30:27.694 [http-nio-8080-exec-4] DEBUG org.mybatis.spring.SqlSessionUtils - Creating a new SqlSession
2025-09-20 04:30:27.694 [http-nio-8080-exec-4] DEBUG org.mybatis.spring.SqlSessionUtils - SqlSession [org.apache.ibatis.session.defaults.DefaultSqlSession@45510e44] was not registered for synchronization because synchronization is not active
2025-09-20 04:30:27.694 [http-nio-8080-exec-3] DEBUG org.mybatis.spring.SqlSessionUtils - Creating a new SqlSession
2025-09-20 04:30:27.694 [http-nio-8080-exec-3] DEBUG org.mybatis.spring.SqlSessionUtils - SqlSession [org.apache.ibatis.session.defaults.DefaultSqlSession@5cd98821] was not registered for synchronization because synchronization is not active
2025-09-20 04:30:27.695 [http-nio-8080-exec-4] DEBUG o.m.spring.transaction.SpringManagedTransaction - JDBC Connection [HikariProxyConnection@549209244 wrapping com.mysql.cj.jdbc.ConnectionImpl@77e4b60] will not be managed by Spring
2025-09-20 04:30:27.695 [http-nio-8080-exec-4] DEBUG t.c.backend.mapper.LtypeMapper.findByCatelock - ==>  Preparing: SELECT * FROM ltypes WHERE catelock = ?
2025-09-20 04:30:27.695 [http-nio-8080-exec-3] DEBUG o.m.spring.transaction.SpringManagedTransaction - JDBC Connection [HikariProxyConnection@225961293 wrapping com.mysql.cj.jdbc.ConnectionImpl@886699d] will not be managed by Spring
2025-09-20 04:30:27.695 [http-nio-8080-exec-3] DEBUG t.c.backend.mapper.MenuMapper.findByProductLock - ==>  Preparing: SELECT * FROM menu WHERE productlock = ?
2025-09-20 04:30:27.695 [http-nio-8080-exec-4] DEBUG t.c.backend.mapper.LtypeMapper.findByCatelock - ==> Parameters: 0(Integer)
2025-09-20 04:30:27.695 [http-nio-8080-exec-3] DEBUG t.c.backend.mapper.MenuMapper.findByProductLock - ==> Parameters: 0(Integer)
2025-09-20 04:30:27.697 [http-nio-8080-exec-3] DEBUG t.c.backend.mapper.MenuMapper.findByProductLock - <==      Total: 14
2025-09-20 04:30:27.697 [http-nio-8080-exec-4] DEBUG t.c.backend.mapper.LtypeMapper.findByCatelock - <==      Total: 11
2025-09-20 04:30:27.697 [http-nio-8080-exec-3] DEBUG org.mybatis.spring.SqlSessionUtils - Closing non transactional SqlSession [org.apache.ibatis.session.defaults.DefaultSqlSession@5cd98821]
2025-09-20 04:30:27.697 [http-nio-8080-exec-4] DEBUG org.mybatis.spring.SqlSessionUtils - Closing non transactional SqlSession [org.apache.ibatis.session.defaults.DefaultSqlSession@45510e44]
2025-09-20 04:30:27.697 [http-nio-8080-exec-4] INFO  tech.chhsich.backend.aspect.LoggingAspect - API请求成功 - 用户: newuser123, 角色: [ROLE_USER], URI: /WebOrderSystem/api/categories, 方法: GET, IP: 127.0.0.1, 控制器: CategoryController, 方法名: getAllCategories, 执行时间: 3ms
2025-09-20 04:30:27.697 [http-nio-8080-exec-3] INFO  tech.chhsich.backend.aspect.LoggingAspect - API请求成功 - 用户: newuser123, 角色: [ROLE_USER], URI: /WebOrderSystem/api/menu, 方法: GET, IP: 127.0.0.1, 控制器: FrontendMenuController, 方法名: getAllAvailableMenus, 执行时间: 3ms
2025-09-20 04:30:29.096 [http-nio-8080-exec-10] DEBUG org.springframework.security.web.FilterChainProxy - Securing GET /api/menu/recommended
2025-09-20 04:30:29.096 [http-nio-8080-exec-9] DEBUG org.springframework.security.web.FilterChainProxy - Securing GET /api/categories
2025-09-20 04:30:29.097 [http-nio-8080-exec-9] DEBUG org.springframework.security.web.FilterChainProxy - Secured GET /api/categories
2025-09-20 04:30:29.097 [http-nio-8080-exec-10] DEBUG org.springframework.security.web.FilterChainProxy - Secured GET /api/menu/recommended
2025-09-20 04:30:29.098 [http-nio-8080-exec-9] INFO  tech.chhsich.backend.aspect.LoggingAspect - API请求开始 - 用户: newuser123, 角色: [ROLE_USER], URI: /WebOrderSystem/api/categories, 方法: GET, IP: 127.0.0.1, 控制器: CategoryController, 方法名: getAllCategories, 参数: 无参数
2025-09-20 04:30:29.098 [http-nio-8080-exec-10] INFO  tech.chhsich.backend.aspect.LoggingAspect - API请求开始 - 用户: newuser123, 角色: [ROLE_USER], URI: /WebOrderSystem/api/menu/recommended, 方法: GET, IP: 127.0.0.1, 控制器: FrontendMenuController, 方法名: getRecommendedMenus, 参数: 无参数
2025-09-20 04:30:29.098 [http-nio-8080-exec-9] DEBUG org.mybatis.spring.SqlSessionUtils - Creating a new SqlSession
2025-09-20 04:30:29.098 [http-nio-8080-exec-9] DEBUG org.mybatis.spring.SqlSessionUtils - SqlSession [org.apache.ibatis.session.defaults.DefaultSqlSession@55dc09b9] was not registered for synchronization because synchronization is not active
2025-09-20 04:30:29.098 [http-nio-8080-exec-10] DEBUG org.mybatis.spring.SqlSessionUtils - Creating a new SqlSession
2025-09-20 04:30:29.098 [http-nio-8080-exec-10] DEBUG org.mybatis.spring.SqlSessionUtils - SqlSession [org.apache.ibatis.session.defaults.DefaultSqlSession@38de340d] was not registered for synchronization because synchronization is not active
2025-09-20 04:30:29.098 [http-nio-8080-exec-9] DEBUG o.m.spring.transaction.SpringManagedTransaction - JDBC Connection [HikariProxyConnection@1528556914 wrapping com.mysql.cj.jdbc.ConnectionImpl@77e4b60] will not be managed by Spring
2025-09-20 04:30:29.098 [http-nio-8080-exec-10] DEBUG o.m.spring.transaction.SpringManagedTransaction - JDBC Connection [HikariProxyConnection@1021421518 wrapping com.mysql.cj.jdbc.ConnectionImpl@886699d] will not be managed by Spring
2025-09-20 04:30:29.098 [http-nio-8080-exec-9] DEBUG t.c.backend.mapper.LtypeMapper.findByCatelock - ==>  Preparing: SELECT * FROM ltypes WHERE catelock = ?
2025-09-20 04:30:29.098 [http-nio-8080-exec-10] DEBUG t.c.b.m.MenuMapper.findByNewStuijianAndProductLock - ==>  Preparing: SELECT * FROM menu WHERE newstuijian = ? AND productlock = ?
2025-09-20 04:30:29.098 [http-nio-8080-exec-9] DEBUG t.c.backend.mapper.LtypeMapper.findByCatelock - ==> Parameters: 0(Integer)
2025-09-20 04:30:29.098 [http-nio-8080-exec-10] DEBUG t.c.b.m.MenuMapper.findByNewStuijianAndProductLock - ==> Parameters: 1(Integer), 0(Integer)
2025-09-20 04:30:29.099 [http-nio-8080-exec-10] DEBUG t.c.b.m.MenuMapper.findByNewStuijianAndProductLock - <==      Total: 7
2025-09-20 04:30:29.099 [http-nio-8080-exec-9] DEBUG t.c.backend.mapper.LtypeMapper.findByCatelock - <==      Total: 11
2025-09-20 04:30:29.099 [http-nio-8080-exec-9] DEBUG org.mybatis.spring.SqlSessionUtils - Closing non transactional SqlSession [org.apache.ibatis.session.defaults.DefaultSqlSession@55dc09b9]
2025-09-20 04:30:29.099 [http-nio-8080-exec-10] DEBUG org.mybatis.spring.SqlSessionUtils - Closing non transactional SqlSession [org.apache.ibatis.session.defaults.DefaultSqlSession@38de340d]
2025-09-20 04:30:29.100 [http-nio-8080-exec-9] INFO  tech.chhsich.backend.aspect.LoggingAspect - API请求成功 - 用户: newuser123, 角色: [ROLE_USER], URI: /WebOrderSystem/api/categories, 方法: GET, IP: 127.0.0.1, 控制器: CategoryController, 方法名: getAllCategories, 执行时间: 2ms
2025-09-20 04:30:29.100 [http-nio-8080-exec-10] INFO  tech.chhsich.backend.aspect.LoggingAspect - API请求成功 - 用户: newuser123, 角色: [ROLE_USER], URI: /WebOrderSystem/api/menu/recommended, 方法: GET, IP: 127.0.0.1, 控制器: FrontendMenuController, 方法名: getRecommendedMenus, 执行时间: 2ms
2025-09-20 04:30:29.757 [http-nio-8080-exec-6] DEBUG org.springframework.security.web.FilterChainProxy - Securing GET /api/categories
2025-09-20 04:30:29.757 [http-nio-8080-exec-7] DEBUG org.springframework.security.web.FilterChainProxy - Securing GET /api/menu
2025-09-20 04:30:29.758 [http-nio-8080-exec-7] DEBUG org.springframework.security.web.FilterChainProxy - Secured GET /api/menu
2025-09-20 04:30:29.759 [http-nio-8080-exec-6] DEBUG org.springframework.security.web.FilterChainProxy - Secured GET /api/categories
2025-09-20 04:30:29.759 [http-nio-8080-exec-7] INFO  tech.chhsich.backend.aspect.LoggingAspect - API请求开始 - 用户: newuser123, 角色: [ROLE_USER], URI: /WebOrderSystem/api/menu, 方法: GET, IP: 127.0.0.1, 控制器: FrontendMenuController, 方法名: getAllAvailableMenus, 参数: 无参数
2025-09-20 04:30:29.759 [http-nio-8080-exec-6] INFO  tech.chhsich.backend.aspect.LoggingAspect - API请求开始 - 用户: newuser123, 角色: [ROLE_USER], URI: /WebOrderSystem/api/categories, 方法: GET, IP: 127.0.0.1, 控制器: CategoryController, 方法名: getAllCategories, 参数: 无参数
2025-09-20 04:30:29.759 [http-nio-8080-exec-6] DEBUG org.mybatis.spring.SqlSessionUtils - Creating a new SqlSession
2025-09-20 04:30:29.759 [http-nio-8080-exec-7] DEBUG org.mybatis.spring.SqlSessionUtils - Creating a new SqlSession
2025-09-20 04:30:29.759 [http-nio-8080-exec-6] DEBUG org.mybatis.spring.SqlSessionUtils - SqlSession [org.apache.ibatis.session.defaults.DefaultSqlSession@4c000807] was not registered for synchronization because synchronization is not active
2025-09-20 04:30:29.759 [http-nio-8080-exec-7] DEBUG org.mybatis.spring.SqlSessionUtils - SqlSession [org.apache.ibatis.session.defaults.DefaultSqlSession@44e37c01] was not registered for synchronization because synchronization is not active
2025-09-20 04:30:29.759 [http-nio-8080-exec-7] DEBUG o.m.spring.transaction.SpringManagedTransaction - JDBC Connection [HikariProxyConnection@1088221253 wrapping com.mysql.cj.jdbc.ConnectionImpl@886699d] will not be managed by Spring
2025-09-20 04:30:29.759 [http-nio-8080-exec-7] DEBUG t.c.backend.mapper.MenuMapper.findByProductLock - ==>  Preparing: SELECT * FROM menu WHERE productlock = ?
2025-09-20 04:30:29.759 [http-nio-8080-exec-6] DEBUG o.m.spring.transaction.SpringManagedTransaction - JDBC Connection [HikariProxyConnection@1506260762 wrapping com.mysql.cj.jdbc.ConnectionImpl@77e4b60] will not be managed by Spring
2025-09-20 04:30:29.760 [http-nio-8080-exec-7] DEBUG t.c.backend.mapper.MenuMapper.findByProductLock - ==> Parameters: 0(Integer)
2025-09-20 04:30:29.760 [http-nio-8080-exec-6] DEBUG t.c.backend.mapper.LtypeMapper.findByCatelock - ==>  Preparing: SELECT * FROM ltypes WHERE catelock = ?
2025-09-20 04:30:29.760 [http-nio-8080-exec-6] DEBUG t.c.backend.mapper.LtypeMapper.findByCatelock - ==> Parameters: 0(Integer)
2025-09-20 04:30:29.762 [http-nio-8080-exec-7] DEBUG t.c.backend.mapper.MenuMapper.findByProductLock - <==      Total: 14
2025-09-20 04:30:29.762 [http-nio-8080-exec-6] DEBUG t.c.backend.mapper.LtypeMapper.findByCatelock - <==      Total: 11
2025-09-20 04:30:29.762 [http-nio-8080-exec-7] DEBUG org.mybatis.spring.SqlSessionUtils - Closing non transactional SqlSession [org.apache.ibatis.session.defaults.DefaultSqlSession@44e37c01]
2025-09-20 04:30:29.762 [http-nio-8080-exec-6] DEBUG org.mybatis.spring.SqlSessionUtils - Closing non transactional SqlSession [org.apache.ibatis.session.defaults.DefaultSqlSession@4c000807]
2025-09-20 04:30:29.762 [http-nio-8080-exec-6] INFO  tech.chhsich.backend.aspect.LoggingAspect - API请求成功 - 用户: newuser123, 角色: [ROLE_USER], URI: /WebOrderSystem/api/categories, 方法: GET, IP: 127.0.0.1, 控制器: CategoryController, 方法名: getAllCategories, 执行时间: 3ms
2025-09-20 04:30:29.762 [http-nio-8080-exec-7] INFO  tech.chhsich.backend.aspect.LoggingAspect - API请求成功 - 用户: newuser123, 角色: [ROLE_USER], URI: /WebOrderSystem/api/menu, 方法: GET, IP: 127.0.0.1, 控制器: FrontendMenuController, 方法名: getAllAvailableMenus, 执行时间: 3ms
2025-09-20 04:30:31.267 [http-nio-8080-exec-8] DEBUG org.springframework.security.web.FilterChainProxy - Securing GET /api/menu/recommended
2025-09-20 04:30:31.267 [http-nio-8080-exec-1] DEBUG org.springframework.security.web.FilterChainProxy - Securing GET /api/categories
2025-09-20 04:30:31.271 [http-nio-8080-exec-1] DEBUG org.springframework.security.web.FilterChainProxy - Secured GET /api/categories
2025-09-20 04:30:31.271 [http-nio-8080-exec-8] DEBUG org.springframework.security.web.FilterChainProxy - Secured GET /api/menu/recommended
2025-09-20 04:30:31.271 [http-nio-8080-exec-1] INFO  tech.chhsich.backend.aspect.LoggingAspect - API请求开始 - 用户: newuser123, 角色: [ROLE_USER], URI: /WebOrderSystem/api/categories, 方法: GET, IP: 127.0.0.1, 控制器: CategoryController, 方法名: getAllCategories, 参数: 无参数
2025-09-20 04:30:31.272 [http-nio-8080-exec-1] DEBUG org.mybatis.spring.SqlSessionUtils - Creating a new SqlSession
2025-09-20 04:30:31.272 [http-nio-8080-exec-8] INFO  tech.chhsich.backend.aspect.LoggingAspect - API请求开始 - 用户: newuser123, 角色: [ROLE_USER], URI: /WebOrderSystem/api/menu/recommended, 方法: GET, IP: 127.0.0.1, 控制器: FrontendMenuController, 方法名: getRecommendedMenus, 参数: 无参数
2025-09-20 04:30:31.272 [http-nio-8080-exec-1] DEBUG org.mybatis.spring.SqlSessionUtils - SqlSession [org.apache.ibatis.session.defaults.DefaultSqlSession@59628265] was not registered for synchronization because synchronization is not active
2025-09-20 04:30:31.272 [http-nio-8080-exec-8] DEBUG org.mybatis.spring.SqlSessionUtils - Creating a new SqlSession
2025-09-20 04:30:31.272 [http-nio-8080-exec-8] DEBUG org.mybatis.spring.SqlSessionUtils - SqlSession [org.apache.ibatis.session.defaults.DefaultSqlSession@8624aad] was not registered for synchronization because synchronization is not active
2025-09-20 04:30:31.273 [http-nio-8080-exec-1] DEBUG o.m.spring.transaction.SpringManagedTransaction - JDBC Connection [HikariProxyConnection@224805490 wrapping com.mysql.cj.jdbc.ConnectionImpl@77e4b60] will not be managed by Spring
2025-09-20 04:30:31.273 [http-nio-8080-exec-8] DEBUG o.m.spring.transaction.SpringManagedTransaction - JDBC Connection [HikariProxyConnection@1036494473 wrapping com.mysql.cj.jdbc.ConnectionImpl@886699d] will not be managed by Spring
2025-09-20 04:30:31.273 [http-nio-8080-exec-1] DEBUG t.c.backend.mapper.LtypeMapper.findByCatelock - ==>  Preparing: SELECT * FROM ltypes WHERE catelock = ?
2025-09-20 04:30:31.273 [http-nio-8080-exec-8] DEBUG t.c.b.m.MenuMapper.findByNewStuijianAndProductLock - ==>  Preparing: SELECT * FROM menu WHERE newstuijian = ? AND productlock = ?
2025-09-20 04:30:31.273 [http-nio-8080-exec-1] DEBUG t.c.backend.mapper.LtypeMapper.findByCatelock - ==> Parameters: 0(Integer)
2025-09-20 04:30:31.273 [http-nio-8080-exec-8] DEBUG t.c.b.m.MenuMapper.findByNewStuijianAndProductLock - ==> Parameters: 1(Integer), 0(Integer)
2025-09-20 04:30:31.274 [http-nio-8080-exec-1] DEBUG t.c.backend.mapper.LtypeMapper.findByCatelock - <==      Total: 11
2025-09-20 04:30:31.275 [http-nio-8080-exec-1] DEBUG org.mybatis.spring.SqlSessionUtils - Closing non transactional SqlSession [org.apache.ibatis.session.defaults.DefaultSqlSession@59628265]
2025-09-20 04:30:31.275 [http-nio-8080-exec-1] INFO  tech.chhsich.backend.aspect.LoggingAspect - API请求成功 - 用户: newuser123, 角色: [ROLE_USER], URI: /WebOrderSystem/api/categories, 方法: GET, IP: 127.0.0.1, 控制器: CategoryController, 方法名: getAllCategories, 执行时间: 4ms
2025-09-20 04:30:31.275 [http-nio-8080-exec-8] DEBUG t.c.b.m.MenuMapper.findByNewStuijianAndProductLock - <==      Total: 7
2025-09-20 04:30:31.275 [http-nio-8080-exec-8] DEBUG org.mybatis.spring.SqlSessionUtils - Closing non transactional SqlSession [org.apache.ibatis.session.defaults.DefaultSqlSession@8624aad]
2025-09-20 04:30:31.275 [http-nio-8080-exec-8] INFO  tech.chhsich.backend.aspect.LoggingAspect - API请求成功 - 用户: newuser123, 角色: [ROLE_USER], URI: /WebOrderSystem/api/menu/recommended, 方法: GET, IP: 127.0.0.1, 控制器: FrontendMenuController, 方法名: getRecommendedMenus, 执行时间: 4ms
2025-09-20 04:30:32.677 [http-nio-8080-exec-2] DEBUG org.springframework.security.web.FilterChainProxy - Securing POST /api/cart/add?username=newuser123&quantity=1
2025-09-20 04:30:32.679 [http-nio-8080-exec-2] DEBUG org.springframework.security.web.FilterChainProxy - Secured POST /api/cart/add?username=newuser123&quantity=1
2025-09-20 04:30:32.681 [http-nio-8080-exec-2] WARN  o.s.w.s.m.support.DefaultHandlerExceptionResolver - Resolved [org.springframework.web.bind.MissingServletRequestParameterException: Required request parameter 'productId' for method parameter type Long is not present]
2025-09-20 04:30:32.681 [http-nio-8080-exec-2] DEBUG org.springframework.security.web.FilterChainProxy - Securing POST /error?username=newuser123&quantity=1
2025-09-20 04:30:32.681 [http-nio-8080-exec-2] DEBUG o.s.s.w.a.AnonymousAuthenticationFilter - Set SecurityContextHolder to anonymous SecurityContext
2025-09-20 04:30:32.681 [http-nio-8080-exec-2] DEBUG o.s.s.w.authentication.Http403ForbiddenEntryPoint - Pre-authenticated entry point called. Rejecting access
2025-09-20 04:30:34.097 [http-nio-8080-exec-5] DEBUG org.springframework.security.web.FilterChainProxy - Securing GET /api/categories
2025-09-20 04:30:34.097 [http-nio-8080-exec-4] DEBUG org.springframework.security.web.FilterChainProxy - Securing GET /api/menu
2025-09-20 04:30:34.098 [http-nio-8080-exec-5] DEBUG org.springframework.security.web.FilterChainProxy - Secured GET /api/categories
2025-09-20 04:30:34.098 [http-nio-8080-exec-5] INFO  tech.chhsich.backend.aspect.LoggingAspect - API请求开始 - 用户: newuser123, 角色: [ROLE_USER], URI: /WebOrderSystem/api/categories, 方法: GET, IP: 127.0.0.1, 控制器: CategoryController, 方法名: getAllCategories, 参数: 无参数
2025-09-20 04:30:34.098 [http-nio-8080-exec-4] DEBUG org.springframework.security.web.FilterChainProxy - Secured GET /api/menu
2025-09-20 04:30:34.098 [http-nio-8080-exec-5] DEBUG org.mybatis.spring.SqlSessionUtils - Creating a new SqlSession
2025-09-20 04:30:34.098 [http-nio-8080-exec-5] DEBUG org.mybatis.spring.SqlSessionUtils - SqlSession [org.apache.ibatis.session.defaults.DefaultSqlSession@23e5acb3] was not registered for synchronization because synchronization is not active
2025-09-20 04:30:34.099 [http-nio-8080-exec-5] DEBUG o.m.spring.transaction.SpringManagedTransaction - JDBC Connection [HikariProxyConnection@902234409 wrapping com.mysql.cj.jdbc.ConnectionImpl@77e4b60] will not be managed by Spring
2025-09-20 04:30:34.099 [http-nio-8080-exec-4] INFO  tech.chhsich.backend.aspect.LoggingAspect - API请求开始 - 用户: newuser123, 角色: [ROLE_USER], URI: /WebOrderSystem/api/menu, 方法: GET, IP: 127.0.0.1, 控制器: FrontendMenuController, 方法名: getAllAvailableMenus, 参数: 无参数
2025-09-20 04:30:34.099 [http-nio-8080-exec-5] DEBUG t.c.backend.mapper.LtypeMapper.findByCatelock - ==>  Preparing: SELECT * FROM ltypes WHERE catelock = ?
2025-09-20 04:30:34.099 [http-nio-8080-exec-4] DEBUG org.mybatis.spring.SqlSessionUtils - Creating a new SqlSession
2025-09-20 04:30:34.099 [http-nio-8080-exec-4] DEBUG org.mybatis.spring.SqlSessionUtils - SqlSession [org.apache.ibatis.session.defaults.DefaultSqlSession@1efd20dc] was not registered for synchronization because synchronization is not active
2025-09-20 04:30:34.099 [http-nio-8080-exec-5] DEBUG t.c.backend.mapper.LtypeMapper.findByCatelock - ==> Parameters: 0(Integer)
2025-09-20 04:30:34.099 [http-nio-8080-exec-4] DEBUG o.m.spring.transaction.SpringManagedTransaction - JDBC Connection [HikariProxyConnection@2068715686 wrapping com.mysql.cj.jdbc.ConnectionImpl@886699d] will not be managed by Spring
2025-09-20 04:30:34.099 [http-nio-8080-exec-4] DEBUG t.c.backend.mapper.MenuMapper.findByProductLock - ==>  Preparing: SELECT * FROM menu WHERE productlock = ?
2025-09-20 04:30:34.100 [http-nio-8080-exec-4] DEBUG t.c.backend.mapper.MenuMapper.findByProductLock - ==> Parameters: 0(Integer)
2025-09-20 04:30:34.101 [http-nio-8080-exec-5] DEBUG t.c.backend.mapper.LtypeMapper.findByCatelock - <==      Total: 11
2025-09-20 04:30:34.101 [http-nio-8080-exec-5] DEBUG org.mybatis.spring.SqlSessionUtils - Closing non transactional SqlSession [org.apache.ibatis.session.defaults.DefaultSqlSession@23e5acb3]
2025-09-20 04:30:34.101 [http-nio-8080-exec-5] INFO  tech.chhsich.backend.aspect.LoggingAspect - API请求成功 - 用户: newuser123, 角色: [ROLE_USER], URI: /WebOrderSystem/api/categories, 方法: GET, IP: 127.0.0.1, 控制器: CategoryController, 方法名: getAllCategories, 执行时间: 3ms
2025-09-20 04:30:34.101 [http-nio-8080-exec-4] DEBUG t.c.backend.mapper.MenuMapper.findByProductLock - <==      Total: 14
2025-09-20 04:30:34.102 [http-nio-8080-exec-4] DEBUG org.mybatis.spring.SqlSessionUtils - Closing non transactional SqlSession [org.apache.ibatis.session.defaults.DefaultSqlSession@1efd20dc]
2025-09-20 04:30:34.102 [http-nio-8080-exec-4] INFO  tech.chhsich.backend.aspect.LoggingAspect - API请求成功 - 用户: newuser123, 角色: [ROLE_USER], URI: /WebOrderSystem/api/menu, 方法: GET, IP: 127.0.0.1, 控制器: FrontendMenuController, 方法名: getAllAvailableMenus, 执行时间: 3ms
2025-09-20 04:30:35.746 [http-nio-8080-exec-3] DEBUG org.springframework.security.web.FilterChainProxy - Securing POST /api/cart/add?username=newuser123&productId=7&quantity=1
2025-09-20 04:30:35.748 [http-nio-8080-exec-3] DEBUG org.springframework.security.web.FilterChainProxy - Secured POST /api/cart/add?username=newuser123&productId=7&quantity=1
2025-09-20 04:30:35.749 [http-nio-8080-exec-3] INFO  tech.chhsich.backend.aspect.LoggingAspect - API请求开始 - 用户: newuser123, 角色: [ROLE_USER], URI: /WebOrderSystem/api/cart/add, 方法: POST, IP: 127.0.0.1, 控制器: ShoppingCartController, 方法名: addToCart, 参数: [newuser123, 7, 1]
2025-09-20 04:30:35.749 [http-nio-8080-exec-3] DEBUG org.mybatis.spring.SqlSessionUtils - Creating a new SqlSession
2025-09-20 04:30:35.749 [http-nio-8080-exec-3] DEBUG org.mybatis.spring.SqlSessionUtils - SqlSession [org.apache.ibatis.session.defaults.DefaultSqlSession@e228081] was not registered for synchronization because synchronization is not active
2025-09-20 04:30:35.749 [http-nio-8080-exec-3] DEBUG o.m.spring.transaction.SpringManagedTransaction - JDBC Connection [HikariProxyConnection@600635854 wrapping com.mysql.cj.jdbc.ConnectionImpl@886699d] will not be managed by Spring
2025-09-20 04:30:35.749 [http-nio-8080-exec-3] DEBUG tech.chhsich.backend.mapper.MenuMapper.selectById - ==>  Preparing: SELECT id,createtime,imgpath,info5 AS info,name,newstuijian AS isRecommend,price1 AS originalPrice,price2 AS hotPrice,productlock,xiaoliang AS sales,cateid AS categoryId FROM menu WHERE id=?
2025-09-20 04:30:35.750 [http-nio-8080-exec-3] DEBUG tech.chhsich.backend.mapper.MenuMapper.selectById - ==> Parameters: 7(Long)
2025-09-20 04:30:35.751 [http-nio-8080-exec-3] DEBUG tech.chhsich.backend.mapper.MenuMapper.selectById - <==      Total: 1
2025-09-20 04:30:35.751 [http-nio-8080-exec-3] DEBUG org.mybatis.spring.SqlSessionUtils - Closing non transactional SqlSession [org.apache.ibatis.session.defaults.DefaultSqlSession@e228081]
2025-09-20 04:30:35.751 [http-nio-8080-exec-3] DEBUG org.mybatis.spring.SqlSessionUtils - Creating a new SqlSession
2025-09-20 04:30:35.751 [http-nio-8080-exec-3] DEBUG org.mybatis.spring.SqlSessionUtils - SqlSession [org.apache.ibatis.session.defaults.DefaultSqlSession@79d22f2f] was not registered for synchronization because synchronization is not active
2025-09-20 04:30:35.751 [http-nio-8080-exec-3] DEBUG o.m.spring.transaction.SpringManagedTransaction - JDBC Connection [HikariProxyConnection@880680948 wrapping com.mysql.cj.jdbc.ConnectionImpl@886699d] will not be managed by Spring
2025-09-20 04:30:35.751 [http-nio-8080-exec-3] DEBUG t.c.b.m.S.findByUsernameAndProductId - ==>  Preparing: SELECT * FROM shopping_cart WHERE username = ? AND product_id = ?
2025-09-20 04:30:35.752 [http-nio-8080-exec-3] DEBUG t.c.b.m.S.findByUsernameAndProductId - ==> Parameters: newuser123(String), 7(Long)
2025-09-20 04:30:35.752 [http-nio-8080-exec-3] DEBUG t.c.b.m.S.findByUsernameAndProductId - <==      Total: 0
2025-09-20 04:30:35.752 [http-nio-8080-exec-3] DEBUG org.mybatis.spring.SqlSessionUtils - Closing non transactional SqlSession [org.apache.ibatis.session.defaults.DefaultSqlSession@79d22f2f]
2025-09-20 04:30:35.752 [http-nio-8080-exec-3] DEBUG org.mybatis.spring.SqlSessionUtils - Creating a new SqlSession
2025-09-20 04:30:35.752 [http-nio-8080-exec-3] DEBUG org.mybatis.spring.SqlSessionUtils - SqlSession [org.apache.ibatis.session.defaults.DefaultSqlSession@3a7f274c] was not registered for synchronization because synchronization is not active
2025-09-20 04:30:35.761 [http-nio-8080-exec-3] DEBUG o.m.spring.transaction.SpringManagedTransaction - JDBC Connection [HikariProxyConnection@1235549574 wrapping com.mysql.cj.jdbc.ConnectionImpl@886699d] will not be managed by Spring
2025-09-20 04:30:35.761 [http-nio-8080-exec-3] DEBUG t.chhsich.backend.mapper.ShoppingCartMapper.insert - ==>  Preparing: INSERT INTO shopping_cart ( username, product_id, product_name, price, quantity, create_time, update_time ) VALUES ( ?, ?, ?, ?, ?, ?, ? )
2025-09-20 04:30:35.762 [http-nio-8080-exec-3] DEBUG t.chhsich.backend.mapper.ShoppingCartMapper.insert - ==> Parameters: newuser123(String), 7(Long), 鸡块(String), 10.0(Double), 1(Integer), 2025-09-20T04:30:35.752782557(LocalDateTime), 2025-09-20T04:30:35.752790866(LocalDateTime)
2025-09-20 04:30:35.773 [http-nio-8080-exec-3] DEBUG t.chhsich.backend.mapper.ShoppingCartMapper.insert - <==    Updates: 1
2025-09-20 04:30:35.775 [http-nio-8080-exec-3] DEBUG org.mybatis.spring.SqlSessionUtils - Closing non transactional SqlSession [org.apache.ibatis.session.defaults.DefaultSqlSession@3a7f274c]
2025-09-20 04:30:35.775 [http-nio-8080-exec-3] INFO  tech.chhsich.backend.aspect.LoggingAspect - API请求成功 - 用户: newuser123, 角色: [ROLE_USER], URI: /WebOrderSystem/api/cart/add, 方法: POST, IP: 127.0.0.1, 控制器: ShoppingCartController, 方法名: addToCart, 执行时间: 26ms
2025-09-20 04:30:35.786 [http-nio-8080-exec-9] DEBUG org.springframework.security.web.FilterChainProxy - Securing GET /api/cart?username=newuser123
2025-09-20 04:30:35.787 [http-nio-8080-exec-9] DEBUG org.springframework.security.web.FilterChainProxy - Secured GET /api/cart?username=newuser123
2025-09-20 04:30:35.788 [http-nio-8080-exec-9] INFO  tech.chhsich.backend.aspect.LoggingAspect - API请求开始 - 用户: newuser123, 角色: [ROLE_USER], URI: /WebOrderSystem/api/cart, 方法: GET, IP: 127.0.0.1, 控制器: ShoppingCartController, 方法名: getUserCart, 参数: [newuser123]
2025-09-20 04:30:35.788 [http-nio-8080-exec-9] DEBUG org.mybatis.spring.SqlSessionUtils - Creating a new SqlSession
2025-09-20 04:30:35.788 [http-nio-8080-exec-9] DEBUG org.mybatis.spring.SqlSessionUtils - SqlSession [org.apache.ibatis.session.defaults.DefaultSqlSession@2f82b475] was not registered for synchronization because synchronization is not active
2025-09-20 04:30:35.789 [http-nio-8080-exec-9] DEBUG o.m.spring.transaction.SpringManagedTransaction - JDBC Connection [HikariProxyConnection@729201802 wrapping com.mysql.cj.jdbc.ConnectionImpl@77e4b60] will not be managed by Spring
2025-09-20 04:30:35.789 [http-nio-8080-exec-9] DEBUG t.c.b.mapper.ShoppingCartMapper.findByUsername - ==>  Preparing: SELECT * FROM shopping_cart WHERE username = ?
2025-09-20 04:30:35.789 [http-nio-8080-exec-9] DEBUG t.c.b.mapper.ShoppingCartMapper.findByUsername - ==> Parameters: newuser123(String)
2025-09-20 04:30:35.790 [http-nio-8080-exec-9] DEBUG t.c.b.mapper.ShoppingCartMapper.findByUsername - <==      Total: 4
2025-09-20 04:30:35.790 [http-nio-8080-exec-9] DEBUG org.mybatis.spring.SqlSessionUtils - Closing non transactional SqlSession [org.apache.ibatis.session.defaults.DefaultSqlSession@2f82b475]
2025-09-20 04:30:35.790 [http-nio-8080-exec-9] INFO  tech.chhsich.backend.aspect.LoggingAspect - API请求成功 - 用户: newuser123, 角色: [ROLE_USER], URI: /WebOrderSystem/api/cart, 方法: GET, IP: 127.0.0.1, 控制器: ShoppingCartController, 方法名: getUserCart, 执行时间: 2ms
2025-09-20 04:30:37.480 [http-nio-8080-exec-10] DEBUG org.springframework.security.web.FilterChainProxy - Securing GET /api/cart?username=newuser123
2025-09-20 04:30:37.481 [http-nio-8080-exec-10] DEBUG org.springframework.security.web.FilterChainProxy - Secured GET /api/cart?username=newuser123
2025-09-20 04:30:37.482 [http-nio-8080-exec-10] INFO  tech.chhsich.backend.aspect.LoggingAspect - API请求开始 - 用户: newuser123, 角色: [ROLE_USER], URI: /WebOrderSystem/api/cart, 方法: GET, IP: 127.0.0.1, 控制器: ShoppingCartController, 方法名: getUserCart, 参数: [newuser123]
2025-09-20 04:30:37.482 [http-nio-8080-exec-10] DEBUG org.mybatis.spring.SqlSessionUtils - Creating a new SqlSession
2025-09-20 04:30:37.482 [http-nio-8080-exec-10] DEBUG org.mybatis.spring.SqlSessionUtils - SqlSession [org.apache.ibatis.session.defaults.DefaultSqlSession@793e42e6] was not registered for synchronization because synchronization is not active
2025-09-20 04:30:37.482 [http-nio-8080-exec-10] DEBUG o.m.spring.transaction.SpringManagedTransaction - JDBC Connection [HikariProxyConnection@432849273 wrapping com.mysql.cj.jdbc.ConnectionImpl@886699d] will not be managed by Spring
2025-09-20 04:30:37.482 [http-nio-8080-exec-10] DEBUG t.c.b.mapper.ShoppingCartMapper.findByUsername - ==>  Preparing: SELECT * FROM shopping_cart WHERE username = ?
2025-09-20 04:30:37.483 [http-nio-8080-exec-10] DEBUG t.c.b.mapper.ShoppingCartMapper.findByUsername - ==> Parameters: newuser123(String)
2025-09-20 04:30:37.483 [http-nio-8080-exec-10] DEBUG t.c.b.mapper.ShoppingCartMapper.findByUsername - <==      Total: 4
2025-09-20 04:30:37.484 [http-nio-8080-exec-10] DEBUG org.mybatis.spring.SqlSessionUtils - Closing non transactional SqlSession [org.apache.ibatis.session.defaults.DefaultSqlSession@793e42e6]
2025-09-20 04:30:37.484 [http-nio-8080-exec-10] INFO  tech.chhsich.backend.aspect.LoggingAspect - API请求成功 - 用户: newuser123, 角色: [ROLE_USER], URI: /WebOrderSystem/api/cart, 方法: GET, IP: 127.0.0.1, 控制器: ShoppingCartController, 方法名: getUserCart, 执行时间: 2ms
2025-09-20 04:30:39.022 [http-nio-8080-exec-6] DEBUG org.springframework.security.web.FilterChainProxy - Securing GET /api/categories
2025-09-20 04:30:39.022 [http-nio-8080-exec-7] DEBUG org.springframework.security.web.FilterChainProxy - Securing GET /api/menu
2025-09-20 04:30:39.023 [http-nio-8080-exec-7] DEBUG org.springframework.security.web.FilterChainProxy - Secured GET /api/menu
2025-09-20 04:30:39.023 [http-nio-8080-exec-6] DEBUG org.springframework.security.web.FilterChainProxy - Secured GET /api/categories
2025-09-20 04:30:39.023 [http-nio-8080-exec-7] INFO  tech.chhsich.backend.aspect.LoggingAspect - API请求开始 - 用户: newuser123, 角色: [ROLE_USER], URI: /WebOrderSystem/api/menu, 方法: GET, IP: 127.0.0.1, 控制器: FrontendMenuController, 方法名: getAllAvailableMenus, 参数: 无参数
2025-09-20 04:30:39.023 [http-nio-8080-exec-6] INFO  tech.chhsich.backend.aspect.LoggingAspect - API请求开始 - 用户: newuser123, 角色: [ROLE_USER], URI: /WebOrderSystem/api/categories, 方法: GET, IP: 127.0.0.1, 控制器: CategoryController, 方法名: getAllCategories, 参数: 无参数
2025-09-20 04:30:39.023 [http-nio-8080-exec-6] DEBUG org.mybatis.spring.SqlSessionUtils - Creating a new SqlSession
2025-09-20 04:30:39.023 [http-nio-8080-exec-7] DEBUG org.mybatis.spring.SqlSessionUtils - Creating a new SqlSession
2025-09-20 04:30:39.023 [http-nio-8080-exec-6] DEBUG org.mybatis.spring.SqlSessionUtils - SqlSession [org.apache.ibatis.session.defaults.DefaultSqlSession@6ad4fe40] was not registered for synchronization because synchronization is not active
2025-09-20 04:30:39.023 [http-nio-8080-exec-7] DEBUG org.mybatis.spring.SqlSessionUtils - SqlSession [org.apache.ibatis.session.defaults.DefaultSqlSession@13684284] was not registered for synchronization because synchronization is not active
2025-09-20 04:30:39.024 [http-nio-8080-exec-7] DEBUG o.m.spring.transaction.SpringManagedTransaction - JDBC Connection [HikariProxyConnection@1710328181 wrapping com.mysql.cj.jdbc.ConnectionImpl@886699d] will not be managed by Spring
2025-09-20 04:30:39.024 [http-nio-8080-exec-6] DEBUG o.m.spring.transaction.SpringManagedTransaction - JDBC Connection [HikariProxyConnection@651723565 wrapping com.mysql.cj.jdbc.ConnectionImpl@77e4b60] will not be managed by Spring
2025-09-20 04:30:39.024 [http-nio-8080-exec-7] DEBUG t.c.backend.mapper.MenuMapper.findByProductLock - ==>  Preparing: SELECT * FROM menu WHERE productlock = ?
2025-09-20 04:30:39.024 [http-nio-8080-exec-6] DEBUG t.c.backend.mapper.LtypeMapper.findByCatelock - ==>  Preparing: SELECT * FROM ltypes WHERE catelock = ?
2025-09-20 04:30:39.024 [http-nio-8080-exec-7] DEBUG t.c.backend.mapper.MenuMapper.findByProductLock - ==> Parameters: 0(Integer)
2025-09-20 04:30:39.024 [http-nio-8080-exec-6] DEBUG t.c.backend.mapper.LtypeMapper.findByCatelock - ==> Parameters: 0(Integer)
2025-09-20 04:30:39.025 [http-nio-8080-exec-6] DEBUG t.c.backend.mapper.LtypeMapper.findByCatelock - <==      Total: 11
2025-09-20 04:30:39.025 [http-nio-8080-exec-7] DEBUG t.c.backend.mapper.MenuMapper.findByProductLock - <==      Total: 14
2025-09-20 04:30:39.025 [http-nio-8080-exec-6] DEBUG org.mybatis.spring.SqlSessionUtils - Closing non transactional SqlSession [org.apache.ibatis.session.defaults.DefaultSqlSession@6ad4fe40]
2025-09-20 04:30:39.025 [http-nio-8080-exec-7] DEBUG org.mybatis.spring.SqlSessionUtils - Closing non transactional SqlSession [org.apache.ibatis.session.defaults.DefaultSqlSession@13684284]
2025-09-20 04:30:39.025 [http-nio-8080-exec-6] INFO  tech.chhsich.backend.aspect.LoggingAspect - API请求成功 - 用户: newuser123, 角色: [ROLE_USER], URI: /WebOrderSystem/api/categories, 方法: GET, IP: 127.0.0.1, 控制器: CategoryController, 方法名: getAllCategories, 执行时间: 2ms
2025-09-20 04:30:39.026 [http-nio-8080-exec-7] INFO  tech.chhsich.backend.aspect.LoggingAspect - API请求成功 - 用户: newuser123, 角色: [ROLE_USER], URI: /WebOrderSystem/api/menu, 方法: GET, IP: 127.0.0.1, 控制器: FrontendMenuController, 方法名: getAllAvailableMenus, 执行时间: 3ms
2025-09-20 04:37:26.069 [File Watcher] INFO  o.s.b.d.a.LocalDevToolsAutoConfiguration$RestartingClassPathChangeChangedEventListener - Restarting due to 1 class path change (0 additions, 0 deletions, 1 modification)
2025-09-20 04:37:26.078 [Thread-5] INFO  o.s.boot.web.embedded.tomcat.GracefulShutdown - Commencing graceful shutdown. Waiting for active requests to complete
2025-09-20 04:37:26.080 [tomcat-shutdown] INFO  o.s.boot.web.embedded.tomcat.GracefulShutdown - Graceful shutdown complete
2025-09-20 04:37:26.088 [Thread-5] INFO  com.zaxxer.hikari.HikariDataSource - WebOrderHikariCP - Shutdown initiated...
2025-09-20 04:37:26.092 [Thread-5] INFO  com.zaxxer.hikari.HikariDataSource - WebOrderHikariCP - Shutdown completed.

  .   ____          _            __ _ _
 /\\ / ___'_ __ _ _(_)_ __  __ _ \ \ \ \
( ( )\___ | '_ | '_| | '_ \/ _` | \ \ \ \
 \\/  ___)| |_)| | | | | || (_| |  ) ) ) )
  '  |____| .__|_| |_|_| |_\__, | / / / /
 =========|_|==============|___/=/_/_/_/

 :: Spring Boot ::                (v3.5.5)

2025-09-20 04:37:26.137 [restartedMain] INFO  tech.chhsich.backend.BackendApplication - Starting BackendApplication using Java 25.0.1 with PID 2555472 (/home/chhsich/Git/Mine/order-management-system/backend/target/classes started by chhsich in /home/chhsich/Git/Mine/order-management-system/backend)
2025-09-20 04:37:26.137 [restartedMain] DEBUG tech.chhsich.backend.BackendApplication - Running with Spring Boot v3.5.5, Spring v6.2.10
2025-09-20 04:37:26.137 [restartedMain] INFO  tech.chhsich.backend.BackendApplication - No active profile set, falling back to 1 default profile: "default"
2025-09-20 04:37:26.244 [restartedMain] INFO  o.s.d.r.config.RepositoryConfigurationDelegate - Multiple Spring Data modules found, entering strict repository configuration mode
2025-09-20 04:37:26.244 [restartedMain] INFO  o.s.d.r.config.RepositoryConfigurationDelegate - Bootstrapping Spring Data Redis repositories in DEFAULT mode.
2025-09-20 04:37:26.246 [restartedMain] INFO  o.s.d.r.config.RepositoryConfigurationDelegate - Finished Spring Data repository scanning in 1 ms. Found 0 Redis repository interfaces.
2025-09-20 04:37:26.268 [restartedMain] DEBUG org.mybatis.spring.mapper.ClassPathMapperScanner - Identified candidate component class: file [/home/chhsich/Git/Mine/order-management-system/backend/target/classes/tech/chhsich/backend/mapper/AdminMapper.class]
2025-09-20 04:37:26.268 [restartedMain] DEBUG org.mybatis.spring.mapper.ClassPathMapperScanner - Identified candidate component class: file [/home/chhsich/Git/Mine/order-management-system/backend/target/classes/tech/chhsich/backend/mapper/LtypeMapper.class]
2025-09-20 04:37:26.268 [restartedMain] DEBUG org.mybatis.spring.mapper.ClassPathMapperScanner - Identified candidate component class: file [/home/chhsich/Git/Mine/order-management-system/backend/target/classes/tech/chhsich/backend/mapper/MenuMapper.class]
2025-09-20 04:37:26.268 [restartedMain] DEBUG org.mybatis.spring.mapper.ClassPathMapperScanner - Identified candidate component class: file [/home/chhsich/Git/Mine/order-management-system/backend/target/classes/tech/chhsich/backend/mapper/OrderEntryMapper.class]
2025-09-20 04:37:26.268 [restartedMain] DEBUG org.mybatis.spring.mapper.ClassPathMapperScanner - Identified candidate component class: file [/home/chhsich/Git/Mine/order-management-system/backend/target/classes/tech/chhsich/backend/mapper/OrderHistoryMapper.class]
2025-09-20 04:37:26.268 [restartedMain] DEBUG org.mybatis.spring.mapper.ClassPathMapperScanner - Identified candidate component class: file [/home/chhsich/Git/Mine/order-management-system/backend/target/classes/tech/chhsich/backend/mapper/OrderInfoMapper.class]
2025-09-20 04:37:26.268 [restartedMain] DEBUG org.mybatis.spring.mapper.ClassPathMapperScanner - Identified candidate component class: file [/home/chhsich/Git/Mine/order-management-system/backend/target/classes/tech/chhsich/backend/mapper/ShoppingCartMapper.class]
2025-09-20 04:37:26.268 [restartedMain] DEBUG org.mybatis.spring.mapper.ClassPathMapperScanner - Creating MapperFactoryBean with name 'adminMapper' and 'tech.chhsich.backend.mapper.AdminMapper' mapperInterface
2025-09-20 04:37:26.268 [restartedMain] DEBUG org.mybatis.spring.mapper.ClassPathMapperScanner - Creating MapperFactoryBean with name 'ltypeMapper' and 'tech.chhsich.backend.mapper.LtypeMapper' mapperInterface
2025-09-20 04:37:26.269 [restartedMain] DEBUG org.mybatis.spring.mapper.ClassPathMapperScanner - Creating MapperFactoryBean with name 'menuMapper' and 'tech.chhsich.backend.mapper.MenuMapper' mapperInterface
2025-09-20 04:37:26.269 [restartedMain] DEBUG org.mybatis.spring.mapper.ClassPathMapperScanner - Creating MapperFactoryBean with name 'orderEntryMapper' and 'tech.chhsich.backend.mapper.OrderEntryMapper' mapperInterface
2025-09-20 04:37:26.269 [restartedMain] DEBUG org.mybatis.spring.mapper.ClassPathMapperScanner - Creating MapperFactoryBean with name 'orderHistoryMapper' and 'tech.chhsich.backend.mapper.OrderHistoryMapper' mapperInterface
2025-09-20 04:37:26.269 [restartedMain] DEBUG org.mybatis.spring.mapper.ClassPathMapperScanner - Creating MapperFactoryBean with name 'orderInfoMapper' and 'tech.chhsich.backend.mapper.OrderInfoMapper' mapperInterface
2025-09-20 04:37:26.269 [restartedMain] DEBUG org.mybatis.spring.mapper.ClassPathMapperScanner - Creating MapperFactoryBean with name 'shoppingCartMapper' and 'tech.chhsich.backend.mapper.ShoppingCartMapper' mapperInterface
2025-09-20 04:37:26.347 [restartedMain] INFO  o.s.boot.web.embedded.tomcat.TomcatWebServer - Tomcat initialized with port 8080 (http)
2025-09-20 04:37:26.348 [restartedMain] INFO  org.apache.catalina.core.StandardService - Starting service [Tomcat]
2025-09-20 04:37:26.348 [restartedMain] INFO  org.apache.catalina.core.StandardEngine - Starting Servlet engine: [Apache Tomcat/10.1.44]
2025-09-20 04:37:26.352 [restartedMain] INFO  o.a.c.c.C.[Tomcat].[localhost].[/WebOrderSystem] - Initializing Spring embedded WebApplicationContext
2025-09-20 04:37:26.352 [restartedMain] INFO  o.s.b.w.s.c.ServletWebServerApplicationContext - Root WebApplicationContext: initialization completed in 213 ms
2025-09-20 04:37:26.372 [restartedMain] DEBUG t.chhsich.backend.config.JwtAuthenticationFilter - Filter 'jwtAuthenticationFilter' configured for use
2025-09-20 04:37:26.428 [restartedMain] ERROR c.baomidou.mybatisplus.core.MybatisConfiguration - mapper[tech.chhsich.backend.mapper.MenuMapper.findByCategoryIdAndProductLock] is ignored, because it exists, maybe from xml file
2025-09-20 04:37:26.428 [restartedMain] ERROR c.baomidou.mybatisplus.core.MybatisConfiguration - mapper[tech.chhsich.backend.mapper.MenuMapper.findByCategoryId] is ignored, because it exists, maybe from xml file
2025-09-20 04:37:26.429 [restartedMain] ERROR c.baomidou.mybatisplus.core.MybatisConfiguration - mapper[tech.chhsich.backend.mapper.MenuMapper.findByNewStuijianAndProductLock] is ignored, because it exists, maybe from xml file
2025-09-20 04:37:26.429 [restartedMain] ERROR c.baomidou.mybatisplus.core.MybatisConfiguration - mapper[tech.chhsich.backend.mapper.MenuMapper.findByProductLock] is ignored, because it exists, maybe from xml file
2025-09-20 04:37:26.429 [restartedMain] ERROR c.baomidou.mybatisplus.core.MybatisConfiguration - mapper[tech.chhsich.backend.mapper.MenuMapper.updateSales] is ignored, because it exists, maybe from xml file
 _ _   |_  _ _|_. ___ _ |    _ 
| | |\/|_)(_| | |_\  |_)||_|_\ 
     /               |         
                        3.5.14 
2025-09-20 04:37:26.755 [restartedMain] INFO  o.s.s.c.a.a.c.InitializeAuthenticationProviderBeanManagerConfigurer$InitializeAuthenticationProviderManagerConfigurer - Global AuthenticationManager configured with AuthenticationProvider bean with name authenticationProvider
2025-09-20 04:37:26.756 [restartedMain] WARN  o.s.s.c.a.a.c.InitializeUserDetailsBeanManagerConfigurer$InitializeUserDetailsManagerConfigurer - Global AuthenticationManager configured with an AuthenticationProvider bean. UserDetailsService beans will not be used by Spring Security for automatically configuring username/password login. Consider removing the AuthenticationProvider bean. Alternatively, consider using the UserDetailsService in a manually instantiated DaoAuthenticationProvider. If the current configuration is intentional, to turn off this warning, increase the logging level of 'org.springframework.security.config.annotation.authentication.configuration.InitializeUserDetailsBeanManagerConfigurer' to ERROR
2025-09-20 04:37:26.791 [restartedMain] DEBUG o.s.security.web.DefaultSecurityFilterChain - Will secure any request with filters: DisableEncodeUrlFilter, WebAsyncManagerIntegrationFilter, SecurityContextHolderFilter, HeaderWriterFilter, CorsFilter, CsrfFilter, LogoutFilter, JwtAuthenticationFilter, RequestCacheAwareFilter, SecurityContextHolderAwareRequestFilter, AnonymousAuthenticationFilter, SessionManagementFilter, ExceptionTranslationFilter, AuthorizationFilter
2025-09-20 04:37:26.850 [restartedMain] INFO  c.b.m.e.spring.MybatisPlusApplicationContextAware - Register ApplicationContext instances org.springframework.boot.web.servlet.context.AnnotationConfigServletWebServerApplicationContext@6cb291d5
2025-09-20 04:37:27.025 [restartedMain] INFO  o.s.b.d.autoconfigure.OptionalLiveReloadServer - LiveReload server is running on port 35729
2025-09-20 04:37:27.033 [restartedMain] INFO  o.s.boot.web.embedded.tomcat.TomcatWebServer - Tomcat started on port 8080 (http) with context path '/WebOrderSystem'
2025-09-20 04:37:27.035 [restartedMain] INFO  tech.chhsich.backend.BackendApplication - Started BackendApplication in 0.914 seconds (process running for 528.461)
2025-09-20 04:37:27.036 [restartedMain] INFO  o.s.b.d.a.ConditionEvaluationDeltaLoggingListener - Condition evaluation unchanged
2025-09-20 04:37:58.806 [SpringApplicationShutdownHook] INFO  o.s.boot.web.embedded.tomcat.GracefulShutdown - Commencing graceful shutdown. Waiting for active requests to complete
2025-09-20 04:37:58.807 [tomcat-shutdown] INFO  o.s.boot.web.embedded.tomcat.GracefulShutdown - Graceful shutdown complete
[INFO] ------------------------------------------------------------------------
[INFO] BUILD FAILURE
[INFO] ------------------------------------------------------------------------
[INFO] Total time:  09:21 min
[INFO] Finished at: 2025-09-20T04:37:59+08:00
[INFO] ------------------------------------------------------------------------
[ERROR] Failed to execute goal org.springframework.boot:spring-boot-maven-plugin:3.5.5:run (default-cli) on project backend: Process terminated with exit code: 143 -> [Help 1]
[ERROR] 
[ERROR] To see the full stack trace of the errors, re-run Maven with the -e switch.
[ERROR] Re-run Maven using the -X switch to enable full debug logging.
[ERROR] 
[ERROR] For more information about the errors and possible solutions, please read the following articles:
[ERROR] [Help 1] http://cwiki.apache.org/confluence/display/MAVEN/MojoExecutionException
