[0;34m[INFO][0m 2025-09-18 00:42:18 - 开始重启后端服务...
[0;34m[INFO][0m 2025-09-18 00:42:18 - 项目根目录: /home/chhsich/Git/Mine/order-management-system
[0;34m[INFO][0m 2025-09-18 00:42:18 - 后端目录: /home/chhsich/Git/Mine/order-management-system/backend
[0;34m[INFO][0m 2025-09-18 00:42:18 - 运行环境: dev
[0;34m[INFO][0m 2025-09-18 00:42:18 - 检查端口 8080 的占用情况...
[0;34m[INFO][0m 2025-09-18 00:42:18 - 端口 8080 未被占用
[0;34m[INFO][0m 2025-09-18 00:42:18 - 清理 Maven 和 Spring Boot 相关进程...
[0;34m[INFO][0m 2025-09-18 00:42:19 - 清理编译产物...
[0;32m[SUCCESS][0m 2025-09-18 00:42:20 - Maven 清理完成
[0;34m[INFO][0m 2025-09-18 00:42:20 - 开始编译项目...
[0;32m[SUCCESS][0m 2025-09-18 00:42:23 - 项目编译成功
[0;34m[INFO][0m 2025-09-18 00:42:23 - 启动后端服务（环境：dev）...
[0;34m[INFO][0m 2025-09-18 00:42:23 - 已清理旧的日志文件
[0;32m[SUCCESS][0m 2025-09-18 00:42:23 - 后端服务已启动，PID: 199888
[0;34m[INFO][0m 2025-09-18 00:42:23 - 等待服务启动...
[1;33m[WARNING][0m 2025-09-18 00:42:38 - 服务尚未就绪，等待中... (1/10)
[1;33m[WARNING][0m 2025-09-18 00:42:41 - 服务尚未就绪，等待中... (2/10)
[1;33m[WARNING][0m 2025-09-18 00:42:44 - 服务尚未就绪，等待中... (3/10)
[1;33m[WARNING][0m 2025-09-18 00:42:47 - 服务尚未就绪，等待中... (4/10)
[1;33m[WARNING][0m 2025-09-18 00:42:50 - 服务尚未就绪，等待中... (5/10)
[1;33m[WARNING][0m 2025-09-18 00:42:53 - 服务尚未就绪，等待中... (6/10)
[1;33m[WARNING][0m 2025-09-18 00:42:56 - 服务尚未就绪，等待中... (7/10)
[1;33m[WARNING][0m 2025-09-18 00:42:59 - 服务尚未就绪，等待中... (8/10)
[1;33m[WARNING][0m 2025-09-18 00:43:02 - 服务尚未就绪，等待中... (9/10)
[1;33m[WARNING][0m 2025-09-18 00:43:05 - 服务尚未就绪，等待中... (10/10)
[0;31m[ERROR][0m 2025-09-18 00:43:08 - 后端服务启动失败！
[0;34m[INFO][0m 2025-09-18 00:43:08 - 请检查日志文件: /home/chhsich/Git/Mine/order-management-system/backend/app-test.log
